\BOOKMARK [0][-]{chapter.1}{\376\377\0001\000\040\000D\000i\000r\000e\000c\000t\000o\000r\000y\000\040\000H\000i\000e\000r\000a\000r\000c\000h\000y}{}% 1
\BOOKMARK [1][-]{section.1.1}{\376\377\0001\000.\0001\000\040\000D\000i\000r\000e\000c\000t\000o\000r\000i\000e\000s}{chapter.1}% 2
\BOOKMARK [0][-]{chapter.2}{\376\377\0002\000\040\000N\000a\000m\000e\000s\000p\000a\000c\000e\000\040\000I\000n\000d\000e\000x}{}% 3
\BOOKMARK [1][-]{section.2.1}{\376\377\0002\000.\0001\000\040\000N\000a\000m\000e\000s\000p\000a\000c\000e\000\040\000L\000i\000s\000t}{chapter.2}% 4
\BOOKMARK [0][-]{chapter.3}{\376\377\0003\000\040\000H\000i\000e\000r\000a\000r\000c\000h\000i\000c\000a\000l\000\040\000I\000n\000d\000e\000x}{}% 5
\BOOKMARK [1][-]{section.3.1}{\376\377\0003\000.\0001\000\040\000C\000l\000a\000s\000s\000\040\000H\000i\000e\000r\000a\000r\000c\000h\000y}{chapter.3}% 6
\BOOKMARK [0][-]{chapter.4}{\376\377\0004\000\040\000C\000l\000a\000s\000s\000\040\000I\000n\000d\000e\000x}{}% 7
\BOOKMARK [1][-]{section.4.1}{\376\377\0004\000.\0001\000\040\000C\000l\000a\000s\000s\000\040\000L\000i\000s\000t}{chapter.4}% 8
\BOOKMARK [0][-]{chapter.5}{\376\377\0005\000\040\000F\000i\000l\000e\000\040\000I\000n\000d\000e\000x}{}% 9
\BOOKMARK [1][-]{section.5.1}{\376\377\0005\000.\0001\000\040\000F\000i\000l\000e\000\040\000L\000i\000s\000t}{chapter.5}% 10
\BOOKMARK [0][-]{chapter.6}{\376\377\0006\000\040\000D\000i\000r\000e\000c\000t\000o\000r\000y\000\040\000D\000o\000c\000u\000m\000e\000n\000t\000a\000t\000i\000o\000n}{}% 11
\BOOKMARK [1][-]{section.6.1}{\376\377\0006\000.\0001\000\040\000a\000p\000p\000\040\000D\000i\000r\000e\000c\000t\000o\000r\000y\000\040\000R\000e\000f\000e\000r\000e\000n\000c\000e}{chapter.6}% 12
\BOOKMARK [1][-]{section.6.2}{\376\377\0006\000.\0002\000\040\000e\000s\000\040\000D\000i\000r\000e\000c\000t\000o\000r\000y\000\040\000R\000e\000f\000e\000r\000e\000n\000c\000e}{chapter.6}% 13
\BOOKMARK [1][-]{section.6.3}{\376\377\0006\000.\0003\000\040\000e\000s\000i\000t\000\040\000D\000i\000r\000e\000c\000t\000o\000r\000y\000\040\000R\000e\000f\000e\000r\000e\000n\000c\000e}{chapter.6}% 14
\BOOKMARK [1][-]{section.6.4}{\376\377\0006\000.\0004\000\040\000j\000a\000v\000a\000\040\000D\000i\000r\000e\000c\000t\000o\000r\000y\000\040\000R\000e\000f\000e\000r\000e\000n\000c\000e}{chapter.6}% 15
\BOOKMARK [1][-]{section.6.5}{\376\377\0006\000.\0005\000\040\000m\000a\000i\000n\000\040\000D\000i\000r\000e\000c\000t\000o\000r\000y\000\040\000R\000e\000f\000e\000r\000e\000n\000c\000e}{chapter.6}% 16
\BOOKMARK [1][-]{section.6.6}{\376\377\0006\000.\0006\000\040\000m\000i\000d\000d\000l\000e\000w\000a\000r\000e\000\040\000D\000i\000r\000e\000c\000t\000o\000r\000y\000\040\000R\000e\000f\000e\000r\000e\000n\000c\000e}{chapter.6}% 17
\BOOKMARK [1][-]{section.6.7}{\376\377\0006\000.\0007\000\040\000m\000o\000d\000e\000l\000\040\000D\000i\000r\000e\000c\000t\000o\000r\000y\000\040\000R\000e\000f\000e\000r\000e\000n\000c\000e}{chapter.6}% 18
\BOOKMARK [1][-]{section.6.8}{\376\377\0006\000.\0008\000\040\000s\000r\000c\000\040\000D\000i\000r\000e\000c\000t\000o\000r\000y\000\040\000R\000e\000f\000e\000r\000e\000n\000c\000e}{chapter.6}% 19
\BOOKMARK [1][-]{section.6.9}{\376\377\0006\000.\0009\000\040\000u\000l\000l\000\040\000D\000i\000r\000e\000c\000t\000o\000r\000y\000\040\000R\000e\000f\000e\000r\000e\000n\000c\000e}{chapter.6}% 20
\BOOKMARK [0][-]{chapter.7}{\376\377\0007\000\040\000N\000a\000m\000e\000s\000p\000a\000c\000e\000\040\000D\000o\000c\000u\000m\000e\000n\000t\000a\000t\000i\000o\000n}{}% 21
\BOOKMARK [1][-]{section.7.1}{\376\377\0007\000.\0001\000\040\000P\000a\000c\000k\000a\000g\000e\000\040\000e\000s\000.\000u\000l\000l\000.\000e\000s\000i\000t\000.\000a\000p\000p}{chapter.7}% 22
\BOOKMARK [1][-]{section.7.2}{\376\377\0007\000.\0002\000\040\000P\000a\000c\000k\000a\000g\000e\000\040\000e\000s\000.\000u\000l\000l\000.\000e\000s\000i\000t\000.\000a\000p\000p\000.\000m\000i\000d\000d\000l\000e\000w\000a\000r\000e}{chapter.7}% 23
\BOOKMARK [1][-]{section.7.3}{\376\377\0007\000.\0003\000\040\000P\000a\000c\000k\000a\000g\000e\000\040\000e\000s\000.\000u\000l\000l\000.\000e\000s\000i\000t\000.\000a\000p\000p\000.\000m\000i\000d\000d\000l\000e\000w\000a\000r\000e\000.\000m\000o\000d\000e\000l}{chapter.7}% 24
\BOOKMARK [0][-]{chapter.8}{\376\377\0008\000\040\000C\000l\000a\000s\000s\000\040\000D\000o\000c\000u\000m\000e\000n\000t\000a\000t\000i\000o\000n}{}% 25
\BOOKMARK [1][-]{section.8.1}{\376\377\0008\000.\0001\000\040\000e\000s\000.\000u\000l\000l\000.\000e\000s\000i\000t\000.\000a\000p\000p\000.\000A\000d\000m\000i\000n\000L\000o\000g\000i\000n\000\040\000C\000l\000a\000s\000s\000\040\000R\000e\000f\000e\000r\000e\000n\000c\000e}{chapter.8}% 26
\BOOKMARK [2][-]{subsection.8.1.1}{\376\377\0008\000.\0001\000.\0001\000\040\000D\000e\000t\000a\000i\000l\000e\000d\000\040\000D\000e\000s\000c\000r\000i\000p\000t\000i\000o\000n}{section.8.1}% 27
\BOOKMARK [2][-]{subsection.8.1.2}{\376\377\0008\000.\0001\000.\0002\000\040\000C\000o\000n\000s\000t\000r\000u\000c\000t\000o\000r\000\040\000\046\000\040\000D\000e\000s\000t\000r\000u\000c\000t\000o\000r\000\040\000D\000o\000c\000u\000m\000e\000n\000t\000a\000t\000i\000o\000n}{section.8.1}% 28
\BOOKMARK [3][-]{subsubsection.8.1.2.1}{\376\377\0008\000.\0001\000.\0002\000.\0001\000\040\000A\000d\000m\000i\000n\000L\000o\000g\000i\000n\000\050\000\051}{subsection.8.1.2}% 29
\BOOKMARK [2][-]{subsection.8.1.3}{\376\377\0008\000.\0001\000.\0003\000\040\000M\000e\000m\000b\000e\000r\000\040\000F\000u\000n\000c\000t\000i\000o\000n\000\040\000D\000o\000c\000u\000m\000e\000n\000t\000a\000t\000i\000o\000n}{section.8.1}% 30
\BOOKMARK [3][-]{subsubsection.8.1.3.1}{\376\377\0008\000.\0001\000.\0003\000.\0001\000\040\000i\000n\000i\000t\000C\000o\000m\000p\000o\000n\000e\000n\000t\000s\000\050\000\051}{subsection.8.1.3}% 31
\BOOKMARK [3][-]{subsubsection.8.1.3.2}{\376\377\0008\000.\0001\000.\0003\000.\0002\000\040\000j\000B\000u\000t\000t\000o\000n\0001\000A\000c\000t\000i\000o\000n\000P\000e\000r\000f\000o\000r\000m\000e\000d\000\050\000\051}{subsection.8.1.3}% 32
\BOOKMARK [3][-]{subsubsection.8.1.3.3}{\376\377\0008\000.\0001\000.\0003\000.\0003\000\040\000j\000B\000u\000t\000t\000o\000n\0002\000A\000c\000t\000i\000o\000n\000P\000e\000r\000f\000o\000r\000m\000e\000d\000\050\000\051}{subsection.8.1.3}% 33
\BOOKMARK [3][-]{subsubsection.8.1.3.4}{\376\377\0008\000.\0001\000.\0003\000.\0004\000\040\000j\000B\000u\000t\000t\000o\000n\0003\000A\000c\000t\000i\000o\000n\000P\000e\000r\000f\000o\000r\000m\000e\000d\000\050\000\051}{subsection.8.1.3}% 34
\BOOKMARK [3][-]{subsubsection.8.1.3.5}{\376\377\0008\000.\0001\000.\0003\000.\0005\000\040\000m\000a\000i\000n\000\050\000\051}{subsection.8.1.3}% 35
\BOOKMARK [2][-]{subsection.8.1.4}{\376\377\0008\000.\0001\000.\0004\000\040\000M\000e\000m\000b\000e\000r\000\040\000D\000a\000t\000a\000\040\000D\000o\000c\000u\000m\000e\000n\000t\000a\000t\000i\000o\000n}{section.8.1}% 36
\BOOKMARK [3][-]{subsubsection.8.1.4.1}{\376\377\0008\000.\0001\000.\0004\000.\0001\000\040\000j\000B\000u\000t\000t\000o\000n\0001}{subsection.8.1.4}% 37
\BOOKMARK [3][-]{subsubsection.8.1.4.2}{\376\377\0008\000.\0001\000.\0004\000.\0002\000\040\000j\000B\000u\000t\000t\000o\000n\0002}{subsection.8.1.4}% 38
\BOOKMARK [3][-]{subsubsection.8.1.4.3}{\376\377\0008\000.\0001\000.\0004\000.\0003\000\040\000j\000B\000u\000t\000t\000o\000n\0003}{subsection.8.1.4}% 39
\BOOKMARK [3][-]{subsubsection.8.1.4.4}{\376\377\0008\000.\0001\000.\0004\000.\0004\000\040\000j\000L\000a\000b\000e\000l\0001}{subsection.8.1.4}% 40
\BOOKMARK [3][-]{subsubsection.8.1.4.5}{\376\377\0008\000.\0001\000.\0004\000.\0005\000\040\000j\000L\000a\000b\000e\000l\0003}{subsection.8.1.4}% 41
\BOOKMARK [3][-]{subsubsection.8.1.4.6}{\376\377\0008\000.\0001\000.\0004\000.\0006\000\040\000j\000P\000a\000n\000e\000l\0001}{subsection.8.1.4}% 42
\BOOKMARK [1][-]{section.8.2}{\376\377\0008\000.\0002\000\040\000e\000s\000.\000u\000l\000l\000.\000e\000s\000i\000t\000.\000a\000p\000p\000.\000a\000d\000m\000i\000n\000P\000r\000o\000d\000u\000c\000t\000s\000\040\000C\000l\000a\000s\000s\000\040\000R\000e\000f\000e\000r\000e\000n\000c\000e}{chapter.8}% 43
\BOOKMARK [2][-]{subsection.8.2.1}{\376\377\0008\000.\0002\000.\0001\000\040\000D\000e\000t\000a\000i\000l\000e\000d\000\040\000D\000e\000s\000c\000r\000i\000p\000t\000i\000o\000n}{section.8.2}% 44
\BOOKMARK [2][-]{subsection.8.2.2}{\376\377\0008\000.\0002\000.\0002\000\040\000C\000o\000n\000s\000t\000r\000u\000c\000t\000o\000r\000\040\000\046\000\040\000D\000e\000s\000t\000r\000u\000c\000t\000o\000r\000\040\000D\000o\000c\000u\000m\000e\000n\000t\000a\000t\000i\000o\000n}{section.8.2}% 45
\BOOKMARK [3][-]{subsubsection.8.2.2.1}{\376\377\0008\000.\0002\000.\0002\000.\0001\000\040\000a\000d\000m\000i\000n\000P\000r\000o\000d\000u\000c\000t\000s\000\050\000\051}{subsection.8.2.2}% 46
\BOOKMARK [2][-]{subsection.8.2.3}{\376\377\0008\000.\0002\000.\0003\000\040\000M\000e\000m\000b\000e\000r\000\040\000F\000u\000n\000c\000t\000i\000o\000n\000\040\000D\000o\000c\000u\000m\000e\000n\000t\000a\000t\000i\000o\000n}{section.8.2}% 47
\BOOKMARK [3][-]{subsubsection.8.2.3.1}{\376\377\0008\000.\0002\000.\0003\000.\0001\000\040\000i\000n\000i\000t\000C\000o\000m\000p\000o\000n\000e\000n\000t\000s\000\050\000\051}{subsection.8.2.3}% 48
\BOOKMARK [3][-]{subsubsection.8.2.3.2}{\376\377\0008\000.\0002\000.\0003\000.\0002\000\040\000j\000B\000u\000t\000t\000o\000n\0001\000A\000c\000t\000i\000o\000n\000P\000e\000r\000f\000o\000r\000m\000e\000d\000\050\000\051}{subsection.8.2.3}% 49
\BOOKMARK [3][-]{subsubsection.8.2.3.3}{\376\377\0008\000.\0002\000.\0003\000.\0003\000\040\000j\000B\000u\000t\000t\000o\000n\0002\000A\000c\000t\000i\000o\000n\000P\000e\000r\000f\000o\000r\000m\000e\000d\000\050\000\051}{subsection.8.2.3}% 50
\BOOKMARK [3][-]{subsubsection.8.2.3.4}{\376\377\0008\000.\0002\000.\0003\000.\0004\000\040\000j\000B\000u\000t\000t\000o\000n\0003\000A\000c\000t\000i\000o\000n\000P\000e\000r\000f\000o\000r\000m\000e\000d\000\050\000\051}{subsection.8.2.3}% 51
\BOOKMARK [3][-]{subsubsection.8.2.3.5}{\376\377\0008\000.\0002\000.\0003\000.\0005\000\040\000j\000B\000u\000t\000t\000o\000n\0004\000A\000c\000t\000i\000o\000n\000P\000e\000r\000f\000o\000r\000m\000e\000d\000\050\000\051}{subsection.8.2.3}% 52
\BOOKMARK [3][-]{subsubsection.8.2.3.6}{\376\377\0008\000.\0002\000.\0003\000.\0006\000\040\000j\000B\000u\000t\000t\000o\000n\0005\000A\000c\000t\000i\000o\000n\000P\000e\000r\000f\000o\000r\000m\000e\000d\000\050\000\051}{subsection.8.2.3}% 53
\BOOKMARK [3][-]{subsubsection.8.2.3.7}{\376\377\0008\000.\0002\000.\0003\000.\0007\000\040\000j\000B\000u\000t\000t\000o\000n\0006\000A\000c\000t\000i\000o\000n\000P\000e\000r\000f\000o\000r\000m\000e\000d\000\050\000\051}{subsection.8.2.3}% 54
\BOOKMARK [3][-]{subsubsection.8.2.3.8}{\376\377\0008\000.\0002\000.\0003\000.\0008\000\040\000j\000B\000u\000t\000t\000o\000n\0007\000A\000c\000t\000i\000o\000n\000P\000e\000r\000f\000o\000r\000m\000e\000d\000\050\000\051}{subsection.8.2.3}% 55
\BOOKMARK [3][-]{subsubsection.8.2.3.9}{\376\377\0008\000.\0002\000.\0003\000.\0009\000\040\000j\000T\000a\000b\000l\000e\0001\000K\000e\000y\000P\000r\000e\000s\000s\000e\000d\000\050\000\051}{subsection.8.2.3}% 56
\BOOKMARK [3][-]{subsubsection.8.2.3.10}{\376\377\0008\000.\0002\000.\0003\000.\0001\0000\000\040\000j\000T\000a\000b\000l\000e\0001\000M\000o\000u\000s\000e\000C\000l\000i\000c\000k\000e\000d\000\050\000\051}{subsection.8.2.3}% 57
\BOOKMARK [3][-]{subsubsection.8.2.3.11}{\376\377\0008\000.\0002\000.\0003\000.\0001\0001\000\040\000j\000T\000a\000b\000l\000e\0002\000M\000o\000u\000s\000e\000C\000l\000i\000c\000k\000e\000d\000\050\000\051}{subsection.8.2.3}% 58
\BOOKMARK [3][-]{subsubsection.8.2.3.12}{\376\377\0008\000.\0002\000.\0003\000.\0001\0002\000\040\000j\000T\000a\000b\000l\000e\0003\000M\000o\000u\000s\000e\000C\000l\000i\000c\000k\000e\000d\000\050\000\051}{subsection.8.2.3}% 59
\BOOKMARK [3][-]{subsubsection.8.2.3.13}{\376\377\0008\000.\0002\000.\0003\000.\0001\0003\000\040\000m\000a\000i\000n\000\050\000\051}{subsection.8.2.3}% 60
\BOOKMARK [2][-]{subsection.8.2.4}{\376\377\0008\000.\0002\000.\0004\000\040\000M\000e\000m\000b\000e\000r\000\040\000D\000a\000t\000a\000\040\000D\000o\000c\000u\000m\000e\000n\000t\000a\000t\000i\000o\000n}{section.8.2}% 61
\BOOKMARK [3][-]{subsubsection.8.2.4.1}{\376\377\0008\000.\0002\000.\0004\000.\0001\000\040\000a\000p\000i\000C\000l\000i\000e\000n\000t}{subsection.8.2.4}% 62
\BOOKMARK [3][-]{subsubsection.8.2.4.2}{\376\377\0008\000.\0002\000.\0004\000.\0002\000\040\000i\000t\000e\000m\000n\000a\000m\000e}{subsection.8.2.4}% 63
\BOOKMARK [3][-]{subsubsection.8.2.4.3}{\376\377\0008\000.\0002\000.\0004\000.\0003\000\040\000i\000t\000e\000m\000n\000a\000m\000e\0001}{subsection.8.2.4}% 64
\BOOKMARK [3][-]{subsubsection.8.2.4.4}{\376\377\0008\000.\0002\000.\0004\000.\0004\000\040\000i\000t\000e\000m\000n\000a\000m\000e\0002}{subsection.8.2.4}% 65
\BOOKMARK [3][-]{subsubsection.8.2.4.5}{\376\377\0008\000.\0002\000.\0004\000.\0005\000\040\000i\000t\000e\000m\000p\000r\000i\000c\000e}{subsection.8.2.4}% 66
\BOOKMARK [3][-]{subsubsection.8.2.4.6}{\376\377\0008\000.\0002\000.\0004\000.\0006\000\040\000i\000t\000e\000m\000p\000r\000i\000c\000e\0001}{subsection.8.2.4}% 67
\BOOKMARK [3][-]{subsubsection.8.2.4.7}{\376\377\0008\000.\0002\000.\0004\000.\0007\000\040\000i\000t\000e\000m\000p\000r\000i\000c\000e\0002}{subsection.8.2.4}% 68
\BOOKMARK [3][-]{subsubsection.8.2.4.8}{\376\377\0008\000.\0002\000.\0004\000.\0008\000\040\000j\000B\000u\000t\000t\000o\000n\0001}{subsection.8.2.4}% 69
\BOOKMARK [3][-]{subsubsection.8.2.4.9}{\376\377\0008\000.\0002\000.\0004\000.\0009\000\040\000j\000B\000u\000t\000t\000o\000n\0002}{subsection.8.2.4}% 70
\BOOKMARK [3][-]{subsubsection.8.2.4.10}{\376\377\0008\000.\0002\000.\0004\000.\0001\0000\000\040\000j\000B\000u\000t\000t\000o\000n\0003}{subsection.8.2.4}% 71
\BOOKMARK [3][-]{subsubsection.8.2.4.11}{\376\377\0008\000.\0002\000.\0004\000.\0001\0001\000\040\000j\000B\000u\000t\000t\000o\000n\0004}{subsection.8.2.4}% 72
\BOOKMARK [3][-]{subsubsection.8.2.4.12}{\376\377\0008\000.\0002\000.\0004\000.\0001\0002\000\040\000j\000B\000u\000t\000t\000o\000n\0005}{subsection.8.2.4}% 73
\BOOKMARK [3][-]{subsubsection.8.2.4.13}{\376\377\0008\000.\0002\000.\0004\000.\0001\0003\000\040\000j\000B\000u\000t\000t\000o\000n\0006}{subsection.8.2.4}% 74
\BOOKMARK [3][-]{subsubsection.8.2.4.14}{\376\377\0008\000.\0002\000.\0004\000.\0001\0004\000\040\000j\000B\000u\000t\000t\000o\000n\0007}{subsection.8.2.4}% 75
\BOOKMARK [3][-]{subsubsection.8.2.4.15}{\376\377\0008\000.\0002\000.\0004\000.\0001\0005\000\040\000j\000L\000a\000b\000e\000l\0001}{subsection.8.2.4}% 76
\BOOKMARK [3][-]{subsubsection.8.2.4.16}{\376\377\0008\000.\0002\000.\0004\000.\0001\0006\000\040\000j\000L\000a\000b\000e\000l\0001\0000}{subsection.8.2.4}% 77
\BOOKMARK [3][-]{subsubsection.8.2.4.17}{\376\377\0008\000.\0002\000.\0004\000.\0001\0007\000\040\000j\000L\000a\000b\000e\000l\0002}{subsection.8.2.4}% 78
\BOOKMARK [3][-]{subsubsection.8.2.4.18}{\376\377\0008\000.\0002\000.\0004\000.\0001\0008\000\040\000j\000L\000a\000b\000e\000l\0003}{subsection.8.2.4}% 79
\BOOKMARK [3][-]{subsubsection.8.2.4.19}{\376\377\0008\000.\0002\000.\0004\000.\0001\0009\000\040\000j\000L\000a\000b\000e\000l\0004}{subsection.8.2.4}% 80
\BOOKMARK [3][-]{subsubsection.8.2.4.20}{\376\377\0008\000.\0002\000.\0004\000.\0002\0000\000\040\000j\000L\000a\000b\000e\000l\0005}{subsection.8.2.4}% 81
\BOOKMARK [3][-]{subsubsection.8.2.4.21}{\376\377\0008\000.\0002\000.\0004\000.\0002\0001\000\040\000j\000L\000a\000b\000e\000l\0006}{subsection.8.2.4}% 82
\BOOKMARK [3][-]{subsubsection.8.2.4.22}{\376\377\0008\000.\0002\000.\0004\000.\0002\0002\000\040\000j\000L\000a\000b\000e\000l\0007}{subsection.8.2.4}% 83
\BOOKMARK [3][-]{subsubsection.8.2.4.23}{\376\377\0008\000.\0002\000.\0004\000.\0002\0003\000\040\000j\000L\000a\000b\000e\000l\0008}{subsection.8.2.4}% 84
\BOOKMARK [3][-]{subsubsection.8.2.4.24}{\376\377\0008\000.\0002\000.\0004\000.\0002\0004\000\040\000j\000L\000a\000b\000e\000l\0009}{subsection.8.2.4}% 85
\BOOKMARK [3][-]{subsubsection.8.2.4.25}{\376\377\0008\000.\0002\000.\0004\000.\0002\0005\000\040\000j\000P\000a\000n\000e\000l\0001}{subsection.8.2.4}% 86
\BOOKMARK [3][-]{subsubsection.8.2.4.26}{\376\377\0008\000.\0002\000.\0004\000.\0002\0006\000\040\000j\000P\000a\000n\000e\000l\0002}{subsection.8.2.4}% 87
\BOOKMARK [3][-]{subsubsection.8.2.4.27}{\376\377\0008\000.\0002\000.\0004\000.\0002\0007\000\040\000j\000P\000a\000n\000e\000l\0003}{subsection.8.2.4}% 88
\BOOKMARK [3][-]{subsubsection.8.2.4.28}{\376\377\0008\000.\0002\000.\0004\000.\0002\0008\000\040\000j\000P\000a\000n\000e\000l\0004}{subsection.8.2.4}% 89
\BOOKMARK [3][-]{subsubsection.8.2.4.29}{\376\377\0008\000.\0002\000.\0004\000.\0002\0009\000\040\000j\000S\000c\000r\000o\000l\000l\000P\000a\000n\000e\0001}{subsection.8.2.4}% 90
\BOOKMARK [3][-]{subsubsection.8.2.4.30}{\376\377\0008\000.\0002\000.\0004\000.\0003\0000\000\040\000j\000S\000c\000r\000o\000l\000l\000P\000a\000n\000e\0002}{subsection.8.2.4}% 91
\BOOKMARK [3][-]{subsubsection.8.2.4.31}{\376\377\0008\000.\0002\000.\0004\000.\0003\0001\000\040\000j\000S\000c\000r\000o\000l\000l\000P\000a\000n\000e\0003}{subsection.8.2.4}% 92
\BOOKMARK [3][-]{subsubsection.8.2.4.32}{\376\377\0008\000.\0002\000.\0004\000.\0003\0002\000\040\000j\000T\000a\000b\000b\000e\000d\000P\000a\000n\000e\0001}{subsection.8.2.4}% 93
\BOOKMARK [3][-]{subsubsection.8.2.4.33}{\376\377\0008\000.\0002\000.\0004\000.\0003\0003\000\040\000j\000T\000a\000b\000l\000e\0001}{subsection.8.2.4}% 94
\BOOKMARK [3][-]{subsubsection.8.2.4.34}{\376\377\0008\000.\0002\000.\0004\000.\0003\0004\000\040\000j\000T\000a\000b\000l\000e\0002}{subsection.8.2.4}% 95
\BOOKMARK [3][-]{subsubsection.8.2.4.35}{\376\377\0008\000.\0002\000.\0004\000.\0003\0005\000\040\000j\000T\000a\000b\000l\000e\0003}{subsection.8.2.4}% 96
\BOOKMARK [1][-]{section.8.3}{\376\377\0008\000.\0003\000\040\000e\000s\000.\000u\000l\000l\000.\000e\000s\000i\000t\000.\000a\000p\000p\000.\000m\000i\000d\000d\000l\000e\000w\000a\000r\000e\000.\000A\000p\000i\000C\000l\000i\000e\000n\000t\000\040\000C\000l\000a\000s\000s\000\040\000R\000e\000f\000e\000r\000e\000n\000c\000e}{chapter.8}% 97
\BOOKMARK [2][-]{subsection.8.3.1}{\376\377\0008\000.\0003\000.\0001\000\040\000D\000e\000t\000a\000i\000l\000e\000d\000\040\000D\000e\000s\000c\000r\000i\000p\000t\000i\000o\000n}{section.8.3}% 98
\BOOKMARK [2][-]{subsection.8.3.2}{\376\377\0008\000.\0003\000.\0002\000\040\000C\000o\000n\000s\000t\000r\000u\000c\000t\000o\000r\000\040\000\046\000\040\000D\000e\000s\000t\000r\000u\000c\000t\000o\000r\000\040\000D\000o\000c\000u\000m\000e\000n\000t\000a\000t\000i\000o\000n}{section.8.3}% 99
\BOOKMARK [3][-]{subsubsection.8.3.2.1}{\376\377\0008\000.\0003\000.\0002\000.\0001\000\040\000A\000p\000i\000C\000l\000i\000e\000n\000t\000\050\000\051}{subsection.8.3.2}% 100
\BOOKMARK [2][-]{subsection.8.3.3}{\376\377\0008\000.\0003\000.\0003\000\040\000M\000e\000m\000b\000e\000r\000\040\000F\000u\000n\000c\000t\000i\000o\000n\000\040\000D\000o\000c\000u\000m\000e\000n\000t\000a\000t\000i\000o\000n}{section.8.3}% 101
\BOOKMARK [3][-]{subsubsection.8.3.3.1}{\376\377\0008\000.\0003\000.\0003\000.\0001\000\040\000c\000r\000e\000a\000t\000e\000A\000p\000p\000e\000t\000i\000z\000e\000r\000\050\000\051}{subsection.8.3.3}% 102
\BOOKMARK [3][-]{subsubsection.8.3.3.2}{\376\377\0008\000.\0003\000.\0003\000.\0002\000\040\000c\000r\000e\000a\000t\000e\000C\000a\000s\000h\000i\000e\000r\000\050\000\051}{subsection.8.3.3}% 103
\BOOKMARK [3][-]{subsubsection.8.3.3.3}{\376\377\0008\000.\0003\000.\0003\000.\0003\000\040\000c\000r\000e\000a\000t\000e\000D\000r\000i\000n\000k\000\050\000\051}{subsection.8.3.3}% 104
\BOOKMARK [3][-]{subsubsection.8.3.3.4}{\376\377\0008\000.\0003\000.\0003\000.\0004\000\040\000c\000r\000e\000a\000t\000e\000M\000a\000i\000n\000C\000o\000u\000r\000s\000e\000\050\000\051}{subsection.8.3.3}% 105
\BOOKMARK [3][-]{subsubsection.8.3.3.5}{\376\377\0008\000.\0003\000.\0003\000.\0005\000\040\000d\000e\000l\000e\000t\000e\000A\000p\000p\000e\000t\000i\000z\000e\000r\000\050\000\051}{subsection.8.3.3}% 106
\BOOKMARK [3][-]{subsubsection.8.3.3.6}{\376\377\0008\000.\0003\000.\0003\000.\0006\000\040\000d\000e\000l\000e\000t\000e\000C\000a\000s\000h\000i\000e\000r\000\050\000\051}{subsection.8.3.3}% 107
\BOOKMARK [3][-]{subsubsection.8.3.3.7}{\376\377\0008\000.\0003\000.\0003\000.\0007\000\040\000d\000e\000l\000e\000t\000e\000D\000r\000i\000n\000k\000\050\000\051}{subsection.8.3.3}% 108
\BOOKMARK [3][-]{subsubsection.8.3.3.8}{\376\377\0008\000.\0003\000.\0003\000.\0008\000\040\000d\000e\000l\000e\000t\000e\000M\000a\000i\000n\000C\000o\000u\000r\000s\000e\000\050\000\051}{subsection.8.3.3}% 109
\BOOKMARK [3][-]{subsubsection.8.3.3.9}{\376\377\0008\000.\0003\000.\0003\000.\0009\000\040\000g\000e\000t\000A\000l\000l\000A\000p\000p\000e\000t\000i\000z\000e\000r\000s\000\050\000\051}{subsection.8.3.3}% 110
\BOOKMARK [3][-]{subsubsection.8.3.3.10}{\376\377\0008\000.\0003\000.\0003\000.\0001\0000\000\040\000g\000e\000t\000A\000l\000l\000C\000a\000s\000h\000i\000e\000r\000s\000\050\000\051}{subsection.8.3.3}% 111
\BOOKMARK [3][-]{subsubsection.8.3.3.11}{\376\377\0008\000.\0003\000.\0003\000.\0001\0001\000\040\000g\000e\000t\000A\000l\000l\000D\000r\000i\000n\000k\000s\000\050\000\051}{subsection.8.3.3}% 112
\BOOKMARK [3][-]{subsubsection.8.3.3.12}{\376\377\0008\000.\0003\000.\0003\000.\0001\0002\000\040\000g\000e\000t\000A\000l\000l\000M\000a\000i\000n\000C\000o\000u\000r\000s\000e\000s\000\050\000\051}{subsection.8.3.3}% 113
\BOOKMARK [3][-]{subsubsection.8.3.3.13}{\376\377\0008\000.\0003\000.\0003\000.\0001\0003\000\040\000g\000e\000t\000A\000p\000p\000e\000t\000i\000z\000e\000r\000B\000y\000I\000d\000\050\000\051}{subsection.8.3.3}% 114
\BOOKMARK [3][-]{subsubsection.8.3.3.14}{\376\377\0008\000.\0003\000.\0003\000.\0001\0004\000\040\000g\000e\000t\000C\000a\000s\000h\000i\000e\000r\000B\000y\000I\000d\000\050\000\051}{subsection.8.3.3}% 115
\BOOKMARK [3][-]{subsubsection.8.3.3.15}{\376\377\0008\000.\0003\000.\0003\000.\0001\0005\000\040\000g\000e\000t\000D\000r\000i\000n\000k\000B\000y\000I\000d\000\050\000\051}{subsection.8.3.3}% 116
\BOOKMARK [3][-]{subsubsection.8.3.3.16}{\376\377\0008\000.\0003\000.\0003\000.\0001\0006\000\040\000g\000e\000t\000M\000a\000i\000n\000C\000o\000u\000r\000s\000e\000B\000y\000I\000d\000\050\000\051}{subsection.8.3.3}% 117
\BOOKMARK [3][-]{subsubsection.8.3.3.17}{\376\377\0008\000.\0003\000.\0003\000.\0001\0007\000\040\000u\000p\000d\000a\000t\000e\000A\000p\000p\000e\000t\000i\000z\000e\000r\000\050\000\051}{subsection.8.3.3}% 118
\BOOKMARK [3][-]{subsubsection.8.3.3.18}{\376\377\0008\000.\0003\000.\0003\000.\0001\0008\000\040\000u\000p\000d\000a\000t\000e\000C\000a\000s\000h\000i\000e\000r\000\050\000\051}{subsection.8.3.3}% 119
\BOOKMARK [3][-]{subsubsection.8.3.3.19}{\376\377\0008\000.\0003\000.\0003\000.\0001\0009\000\040\000u\000p\000d\000a\000t\000e\000D\000r\000i\000n\000k\000\050\000\051}{subsection.8.3.3}% 120
\BOOKMARK [3][-]{subsubsection.8.3.3.20}{\376\377\0008\000.\0003\000.\0003\000.\0002\0000\000\040\000u\000p\000d\000a\000t\000e\000M\000a\000i\000n\000C\000o\000u\000r\000s\000e\000\050\000\051}{subsection.8.3.3}% 121
\BOOKMARK [2][-]{subsection.8.3.4}{\376\377\0008\000.\0003\000.\0004\000\040\000M\000e\000m\000b\000e\000r\000\040\000D\000a\000t\000a\000\040\000D\000o\000c\000u\000m\000e\000n\000t\000a\000t\000i\000o\000n}{section.8.3}% 122
\BOOKMARK [3][-]{subsubsection.8.3.4.1}{\376\377\0008\000.\0003\000.\0004\000.\0001\000\040\000b\000a\000s\000e\000U\000r\000l}{subsection.8.3.4}% 123
\BOOKMARK [3][-]{subsubsection.8.3.4.2}{\376\377\0008\000.\0003\000.\0004\000.\0002\000\040\000h\000t\000t\000p}{subsection.8.3.4}% 124
\BOOKMARK [3][-]{subsubsection.8.3.4.3}{\376\377\0008\000.\0003\000.\0004\000.\0003\000\040\000m\000a\000p\000p\000e\000r}{subsection.8.3.4}% 125
\BOOKMARK [1][-]{section.8.4}{\376\377\0008\000.\0004\000\040\000e\000s\000.\000u\000l\000l\000.\000e\000s\000i\000t\000.\000a\000p\000p\000.\000m\000i\000d\000d\000l\000e\000w\000a\000r\000e\000.\000m\000o\000d\000e\000l\000.\000A\000p\000p\000e\000t\000i\000z\000e\000r\000\040\000C\000l\000a\000s\000s\000\040\000R\000e\000f\000e\000r\000e\000n\000c\000e}{chapter.8}% 126
\BOOKMARK [2][-]{subsection.8.4.1}{\376\377\0008\000.\0004\000.\0001\000\040\000D\000e\000t\000a\000i\000l\000e\000d\000\040\000D\000e\000s\000c\000r\000i\000p\000t\000i\000o\000n}{section.8.4}% 127
\BOOKMARK [2][-]{subsection.8.4.2}{\376\377\0008\000.\0004\000.\0002\000\040\000C\000o\000n\000s\000t\000r\000u\000c\000t\000o\000r\000\040\000\046\000\040\000D\000e\000s\000t\000r\000u\000c\000t\000o\000r\000\040\000D\000o\000c\000u\000m\000e\000n\000t\000a\000t\000i\000o\000n}{section.8.4}% 128
\BOOKMARK [3][-]{subsubsection.8.4.2.1}{\376\377\0008\000.\0004\000.\0002\000.\0001\000\040\000A\000p\000p\000e\000t\000i\000z\000e\000r\000\050\000\051\000\040\000[\0001\000/\0002\000]}{subsection.8.4.2}% 129
\BOOKMARK [3][-]{subsubsection.8.4.2.2}{\376\377\0008\000.\0004\000.\0002\000.\0002\000\040\000A\000p\000p\000e\000t\000i\000z\000e\000r\000\050\000\051\000\040\000[\0002\000/\0002\000]}{subsection.8.4.2}% 130
\BOOKMARK [2][-]{subsection.8.4.3}{\376\377\0008\000.\0004\000.\0003\000\040\000M\000e\000m\000b\000e\000r\000\040\000F\000u\000n\000c\000t\000i\000o\000n\000\040\000D\000o\000c\000u\000m\000e\000n\000t\000a\000t\000i\000o\000n}{section.8.4}% 131
\BOOKMARK [3][-]{subsubsection.8.4.3.1}{\376\377\0008\000.\0004\000.\0003\000.\0001\000\040\000g\000e\000t\000A\000p\000p\000e\000t\000i\000z\000e\000r\000s\000I\000d\000\050\000\051}{subsection.8.4.3}% 132
\BOOKMARK [3][-]{subsubsection.8.4.3.2}{\376\377\0008\000.\0004\000.\0003\000.\0002\000\040\000g\000e\000t\000A\000p\000p\000e\000t\000i\000z\000e\000r\000s\000P\000r\000i\000c\000e\000\050\000\051}{subsection.8.4.3}% 133
\BOOKMARK [3][-]{subsubsection.8.4.3.3}{\376\377\0008\000.\0004\000.\0003\000.\0003\000\040\000g\000e\000t\000I\000t\000e\000m\000A\000p\000p\000e\000t\000i\000z\000e\000r\000s\000\050\000\051}{subsection.8.4.3}% 134
\BOOKMARK [3][-]{subsubsection.8.4.3.4}{\376\377\0008\000.\0004\000.\0003\000.\0004\000\040\000g\000e\000t\000R\000e\000c\000e\000i\000p\000t\000I\000d\000\050\000\051}{subsection.8.4.3}% 135
\BOOKMARK [3][-]{subsubsection.8.4.3.5}{\376\377\0008\000.\0004\000.\0003\000.\0005\000\040\000s\000e\000t\000A\000p\000p\000e\000t\000i\000z\000e\000r\000s\000I\000d\000\050\000\051}{subsection.8.4.3}% 136
\BOOKMARK [3][-]{subsubsection.8.4.3.6}{\376\377\0008\000.\0004\000.\0003\000.\0006\000\040\000s\000e\000t\000A\000p\000p\000e\000t\000i\000z\000e\000r\000s\000P\000r\000i\000c\000e\000\050\000\051}{subsection.8.4.3}% 137
\BOOKMARK [3][-]{subsubsection.8.4.3.7}{\376\377\0008\000.\0004\000.\0003\000.\0007\000\040\000s\000e\000t\000I\000t\000e\000m\000A\000p\000p\000e\000t\000i\000z\000e\000r\000s\000\050\000\051}{subsection.8.4.3}% 138
\BOOKMARK [3][-]{subsubsection.8.4.3.8}{\376\377\0008\000.\0004\000.\0003\000.\0008\000\040\000s\000e\000t\000R\000e\000c\000e\000i\000p\000t\000I\000d\000\050\000\051}{subsection.8.4.3}% 139
\BOOKMARK [2][-]{subsection.8.4.4}{\376\377\0008\000.\0004\000.\0004\000\040\000M\000e\000m\000b\000e\000r\000\040\000D\000a\000t\000a\000\040\000D\000o\000c\000u\000m\000e\000n\000t\000a\000t\000i\000o\000n}{section.8.4}% 140
\BOOKMARK [3][-]{subsubsection.8.4.4.1}{\376\377\0008\000.\0004\000.\0004\000.\0001\000\040\000a\000p\000p\000e\000t\000i\000z\000e\000r\000s\000I\000d}{subsection.8.4.4}% 141
\BOOKMARK [3][-]{subsubsection.8.4.4.2}{\376\377\0008\000.\0004\000.\0004\000.\0002\000\040\000a\000p\000p\000e\000t\000i\000z\000e\000r\000s\000P\000r\000i\000c\000e}{subsection.8.4.4}% 142
\BOOKMARK [3][-]{subsubsection.8.4.4.3}{\376\377\0008\000.\0004\000.\0004\000.\0003\000\040\000i\000t\000e\000m\000A\000p\000p\000e\000t\000i\000z\000e\000r\000s}{subsection.8.4.4}% 143
\BOOKMARK [3][-]{subsubsection.8.4.4.4}{\376\377\0008\000.\0004\000.\0004\000.\0004\000\040\000r\000e\000c\000e\000i\000p\000t\000I\000d}{subsection.8.4.4}% 144
\BOOKMARK [1][-]{section.8.5}{\376\377\0008\000.\0005\000\040\000e\000s\000.\000u\000l\000l\000.\000e\000s\000i\000t\000.\000a\000p\000p\000.\000C\000a\000s\000h\000i\000e\000r\000\040\000C\000l\000a\000s\000s\000\040\000R\000e\000f\000e\000r\000e\000n\000c\000e}{chapter.8}% 145
\BOOKMARK [2][-]{subsection.8.5.1}{\376\377\0008\000.\0005\000.\0001\000\040\000D\000e\000t\000a\000i\000l\000e\000d\000\040\000D\000e\000s\000c\000r\000i\000p\000t\000i\000o\000n}{section.8.5}% 146
\BOOKMARK [2][-]{subsection.8.5.2}{\376\377\0008\000.\0005\000.\0002\000\040\000C\000o\000n\000s\000t\000r\000u\000c\000t\000o\000r\000\040\000\046\000\040\000D\000e\000s\000t\000r\000u\000c\000t\000o\000r\000\040\000D\000o\000c\000u\000m\000e\000n\000t\000a\000t\000i\000o\000n}{section.8.5}% 147
\BOOKMARK [3][-]{subsubsection.8.5.2.1}{\376\377\0008\000.\0005\000.\0002\000.\0001\000\040\000C\000a\000s\000h\000i\000e\000r\000\050\000\051\000\040\000[\0001\000/\0003\000]}{subsection.8.5.2}% 148
\BOOKMARK [3][-]{subsubsection.8.5.2.2}{\376\377\0008\000.\0005\000.\0002\000.\0002\000\040\000C\000a\000s\000h\000i\000e\000r\000\050\000\051\000\040\000[\0002\000/\0003\000]}{subsection.8.5.2}% 149
\BOOKMARK [3][-]{subsubsection.8.5.2.3}{\376\377\0008\000.\0005\000.\0002\000.\0003\000\040\000C\000a\000s\000h\000i\000e\000r\000\050\000\051\000\040\000[\0003\000/\0003\000]}{subsection.8.5.2}% 150
\BOOKMARK [2][-]{subsection.8.5.3}{\376\377\0008\000.\0005\000.\0003\000\040\000M\000e\000m\000b\000e\000r\000\040\000F\000u\000n\000c\000t\000i\000o\000n\000\040\000D\000o\000c\000u\000m\000e\000n\000t\000a\000t\000i\000o\000n}{section.8.5}% 151
\BOOKMARK [3][-]{subsubsection.8.5.3.1}{\376\377\0008\000.\0005\000.\0003\000.\0001\000\040\000i\000n\000i\000t\000C\000o\000m\000p\000o\000n\000e\000n\000t\000s\000\050\000\051}{subsection.8.5.3}% 152
\BOOKMARK [3][-]{subsubsection.8.5.3.2}{\376\377\0008\000.\0005\000.\0003\000.\0002\000\040\000j\000B\000u\000t\000t\000o\000n\0001\000A\000c\000t\000i\000o\000n\000P\000e\000r\000f\000o\000r\000m\000e\000d\000\050\000\051}{subsection.8.5.3}% 153
\BOOKMARK [3][-]{subsubsection.8.5.3.3}{\376\377\0008\000.\0005\000.\0003\000.\0003\000\040\000j\000B\000u\000t\000t\000o\000n\0002\000A\000c\000t\000i\000o\000n\000P\000e\000r\000f\000o\000r\000m\000e\000d\000\050\000\051}{subsection.8.5.3}% 154
\BOOKMARK [3][-]{subsubsection.8.5.3.4}{\376\377\0008\000.\0005\000.\0003\000.\0004\000\040\000j\000B\000u\000t\000t\000o\000n\0003\000A\000c\000t\000i\000o\000n\000P\000e\000r\000f\000o\000r\000m\000e\000d\000\050\000\051}{subsection.8.5.3}% 155
\BOOKMARK [3][-]{subsubsection.8.5.3.5}{\376\377\0008\000.\0005\000.\0003\000.\0005\000\040\000m\000a\000i\000n\000\050\000\051}{subsection.8.5.3}% 156
\BOOKMARK [2][-]{subsection.8.5.4}{\376\377\0008\000.\0005\000.\0004\000\040\000M\000e\000m\000b\000e\000r\000\040\000D\000a\000t\000a\000\040\000D\000o\000c\000u\000m\000e\000n\000t\000a\000t\000i\000o\000n}{section.8.5}% 157
\BOOKMARK [3][-]{subsubsection.8.5.4.1}{\376\377\0008\000.\0005\000.\0004\000.\0001\000\040\000a\000p\000i}{subsection.8.5.4}% 158
\BOOKMARK [3][-]{subsubsection.8.5.4.2}{\376\377\0008\000.\0005\000.\0004\000.\0002\000\040\000j\000B\000u\000t\000t\000o\000n\0001}{subsection.8.5.4}% 159
\BOOKMARK [3][-]{subsubsection.8.5.4.3}{\376\377\0008\000.\0005\000.\0004\000.\0003\000\040\000j\000B\000u\000t\000t\000o\000n\0002}{subsection.8.5.4}% 160
\BOOKMARK [3][-]{subsubsection.8.5.4.4}{\376\377\0008\000.\0005\000.\0004\000.\0004\000\040\000j\000B\000u\000t\000t\000o\000n\0003}{subsection.8.5.4}% 161
\BOOKMARK [3][-]{subsubsection.8.5.4.5}{\376\377\0008\000.\0005\000.\0004\000.\0005\000\040\000j\000L\000a\000b\000e\000l\0001}{subsection.8.5.4}% 162
\BOOKMARK [3][-]{subsubsection.8.5.4.6}{\376\377\0008\000.\0005\000.\0004\000.\0006\000\040\000j\000P\000a\000n\000e\000l\0001}{subsection.8.5.4}% 163
\BOOKMARK [3][-]{subsubsection.8.5.4.7}{\376\377\0008\000.\0005\000.\0004\000.\0007\000\040\000w\000e\000l\000c\000o\000m\000e\000T\000x\000t}{subsection.8.5.4}% 164
\BOOKMARK [1][-]{section.8.6}{\376\377\0008\000.\0006\000\040\000e\000s\000.\000u\000l\000l\000.\000e\000s\000i\000t\000.\000a\000p\000p\000.\000m\000i\000d\000d\000l\000e\000w\000a\000r\000e\000.\000m\000o\000d\000e\000l\000.\000C\000a\000s\000h\000i\000e\000r\000\040\000C\000l\000a\000s\000s\000\040\000R\000e\000f\000e\000r\000e\000n\000c\000e}{chapter.8}% 165
\BOOKMARK [2][-]{subsection.8.6.1}{\376\377\0008\000.\0006\000.\0001\000\040\000D\000e\000t\000a\000i\000l\000e\000d\000\040\000D\000e\000s\000c\000r\000i\000p\000t\000i\000o\000n}{section.8.6}% 166
\BOOKMARK [2][-]{subsection.8.6.2}{\376\377\0008\000.\0006\000.\0002\000\040\000C\000o\000n\000s\000t\000r\000u\000c\000t\000o\000r\000\040\000\046\000\040\000D\000e\000s\000t\000r\000u\000c\000t\000o\000r\000\040\000D\000o\000c\000u\000m\000e\000n\000t\000a\000t\000i\000o\000n}{section.8.6}% 167
\BOOKMARK [3][-]{subsubsection.8.6.2.1}{\376\377\0008\000.\0006\000.\0002\000.\0001\000\040\000C\000a\000s\000h\000i\000e\000r\000\050\000\051\000\040\000[\0001\000/\0002\000]}{subsection.8.6.2}% 168
\BOOKMARK [3][-]{subsubsection.8.6.2.2}{\376\377\0008\000.\0006\000.\0002\000.\0002\000\040\000C\000a\000s\000h\000i\000e\000r\000\050\000\051\000\040\000[\0002\000/\0002\000]}{subsection.8.6.2}% 169
\BOOKMARK [2][-]{subsection.8.6.3}{\376\377\0008\000.\0006\000.\0003\000\040\000M\000e\000m\000b\000e\000r\000\040\000F\000u\000n\000c\000t\000i\000o\000n\000\040\000D\000o\000c\000u\000m\000e\000n\000t\000a\000t\000i\000o\000n}{section.8.6}% 170
\BOOKMARK [3][-]{subsubsection.8.6.3.1}{\376\377\0008\000.\0006\000.\0003\000.\0001\000\040\000g\000e\000t\000I\000d\000\050\000\051}{subsection.8.6.3}% 171
\BOOKMARK [3][-]{subsubsection.8.6.3.2}{\376\377\0008\000.\0006\000.\0003\000.\0002\000\040\000g\000e\000t\000N\000a\000m\000e\000\050\000\051}{subsection.8.6.3}% 172
\BOOKMARK [3][-]{subsubsection.8.6.3.3}{\376\377\0008\000.\0006\000.\0003\000.\0003\000\040\000g\000e\000t\000S\000a\000l\000a\000r\000y\000\050\000\051}{subsection.8.6.3}% 173
\BOOKMARK [3][-]{subsubsection.8.6.3.4}{\376\377\0008\000.\0006\000.\0003\000.\0004\000\040\000s\000e\000t\000I\000d\000\050\000\051}{subsection.8.6.3}% 174
\BOOKMARK [3][-]{subsubsection.8.6.3.5}{\376\377\0008\000.\0006\000.\0003\000.\0005\000\040\000s\000e\000t\000N\000a\000m\000e\000\050\000\051}{subsection.8.6.3}% 175
\BOOKMARK [3][-]{subsubsection.8.6.3.6}{\376\377\0008\000.\0006\000.\0003\000.\0006\000\040\000s\000e\000t\000S\000a\000l\000a\000r\000y\000\050\000\051}{subsection.8.6.3}% 176
\BOOKMARK [2][-]{subsection.8.6.4}{\376\377\0008\000.\0006\000.\0004\000\040\000M\000e\000m\000b\000e\000r\000\040\000D\000a\000t\000a\000\040\000D\000o\000c\000u\000m\000e\000n\000t\000a\000t\000i\000o\000n}{section.8.6}% 177
\BOOKMARK [3][-]{subsubsection.8.6.4.1}{\376\377\0008\000.\0006\000.\0004\000.\0001\000\040\000i\000d}{subsection.8.6.4}% 178
\BOOKMARK [3][-]{subsubsection.8.6.4.2}{\376\377\0008\000.\0006\000.\0004\000.\0002\000\040\000n\000a\000m\000e}{subsection.8.6.4}% 179
\BOOKMARK [3][-]{subsubsection.8.6.4.3}{\376\377\0008\000.\0006\000.\0004\000.\0003\000\040\000s\000a\000l\000a\000r\000y}{subsection.8.6.4}% 180
\BOOKMARK [1][-]{section.8.7}{\376\377\0008\000.\0007\000\040\000e\000s\000.\000u\000l\000l\000.\000e\000s\000i\000t\000.\000a\000p\000p\000.\000m\000i\000d\000d\000l\000e\000w\000a\000r\000e\000.\000m\000o\000d\000e\000l\000.\000D\000r\000i\000n\000k\000\040\000C\000l\000a\000s\000s\000\040\000R\000e\000f\000e\000r\000e\000n\000c\000e}{chapter.8}% 181
\BOOKMARK [2][-]{subsection.8.7.1}{\376\377\0008\000.\0007\000.\0001\000\040\000D\000e\000t\000a\000i\000l\000e\000d\000\040\000D\000e\000s\000c\000r\000i\000p\000t\000i\000o\000n}{section.8.7}% 182
\BOOKMARK [2][-]{subsection.8.7.2}{\376\377\0008\000.\0007\000.\0002\000\040\000C\000o\000n\000s\000t\000r\000u\000c\000t\000o\000r\000\040\000\046\000\040\000D\000e\000s\000t\000r\000u\000c\000t\000o\000r\000\040\000D\000o\000c\000u\000m\000e\000n\000t\000a\000t\000i\000o\000n}{section.8.7}% 183
\BOOKMARK [3][-]{subsubsection.8.7.2.1}{\376\377\0008\000.\0007\000.\0002\000.\0001\000\040\000D\000r\000i\000n\000k\000\050\000\051\000\040\000[\0001\000/\0002\000]}{subsection.8.7.2}% 184
\BOOKMARK [3][-]{subsubsection.8.7.2.2}{\376\377\0008\000.\0007\000.\0002\000.\0002\000\040\000D\000r\000i\000n\000k\000\050\000\051\000\040\000[\0002\000/\0002\000]}{subsection.8.7.2}% 185
\BOOKMARK [2][-]{subsection.8.7.3}{\376\377\0008\000.\0007\000.\0003\000\040\000M\000e\000m\000b\000e\000r\000\040\000F\000u\000n\000c\000t\000i\000o\000n\000\040\000D\000o\000c\000u\000m\000e\000n\000t\000a\000t\000i\000o\000n}{section.8.7}% 186
\BOOKMARK [3][-]{subsubsection.8.7.3.1}{\376\377\0008\000.\0007\000.\0003\000.\0001\000\040\000g\000e\000t\000D\000r\000i\000n\000k\000s\000I\000d\000\050\000\051}{subsection.8.7.3}% 187
\BOOKMARK [3][-]{subsubsection.8.7.3.2}{\376\377\0008\000.\0007\000.\0003\000.\0002\000\040\000g\000e\000t\000D\000r\000i\000n\000k\000s\000P\000r\000i\000c\000e\000\050\000\051}{subsection.8.7.3}% 188
\BOOKMARK [3][-]{subsubsection.8.7.3.3}{\376\377\0008\000.\0007\000.\0003\000.\0003\000\040\000g\000e\000t\000I\000t\000e\000m\000D\000r\000i\000n\000k\000s\000\050\000\051}{subsection.8.7.3}% 189
\BOOKMARK [3][-]{subsubsection.8.7.3.4}{\376\377\0008\000.\0007\000.\0003\000.\0004\000\040\000g\000e\000t\000R\000e\000c\000e\000i\000p\000t\000I\000d\000\050\000\051}{subsection.8.7.3}% 190
\BOOKMARK [3][-]{subsubsection.8.7.3.5}{\376\377\0008\000.\0007\000.\0003\000.\0005\000\040\000s\000e\000t\000D\000r\000i\000n\000k\000s\000I\000d\000\050\000\051}{subsection.8.7.3}% 191
\BOOKMARK [3][-]{subsubsection.8.7.3.6}{\376\377\0008\000.\0007\000.\0003\000.\0006\000\040\000s\000e\000t\000D\000r\000i\000n\000k\000s\000P\000r\000i\000c\000e\000\050\000\051}{subsection.8.7.3}% 192
\BOOKMARK [3][-]{subsubsection.8.7.3.7}{\376\377\0008\000.\0007\000.\0003\000.\0007\000\040\000s\000e\000t\000I\000t\000e\000m\000D\000r\000i\000n\000k\000s\000\050\000\051}{subsection.8.7.3}% 193
\BOOKMARK [3][-]{subsubsection.8.7.3.8}{\376\377\0008\000.\0007\000.\0003\000.\0008\000\040\000s\000e\000t\000R\000e\000c\000e\000i\000p\000t\000I\000d\000\050\000\051}{subsection.8.7.3}% 194
\BOOKMARK [2][-]{subsection.8.7.4}{\376\377\0008\000.\0007\000.\0004\000\040\000M\000e\000m\000b\000e\000r\000\040\000D\000a\000t\000a\000\040\000D\000o\000c\000u\000m\000e\000n\000t\000a\000t\000i\000o\000n}{section.8.7}% 195
\BOOKMARK [3][-]{subsubsection.8.7.4.1}{\376\377\0008\000.\0007\000.\0004\000.\0001\000\040\000d\000r\000i\000n\000k\000s\000I\000d}{subsection.8.7.4}% 196
\BOOKMARK [3][-]{subsubsection.8.7.4.2}{\376\377\0008\000.\0007\000.\0004\000.\0002\000\040\000d\000r\000i\000n\000k\000s\000P\000r\000i\000c\000e}{subsection.8.7.4}% 197
\BOOKMARK [3][-]{subsubsection.8.7.4.3}{\376\377\0008\000.\0007\000.\0004\000.\0003\000\040\000i\000t\000e\000m\000D\000r\000i\000n\000k\000s}{subsection.8.7.4}% 198
\BOOKMARK [3][-]{subsubsection.8.7.4.4}{\376\377\0008\000.\0007\000.\0004\000.\0004\000\040\000r\000e\000c\000e\000i\000p\000t\000I\000d}{subsection.8.7.4}% 199
\BOOKMARK [1][-]{section.8.8}{\376\377\0008\000.\0008\000\040\000e\000s\000.\000u\000l\000l\000.\000e\000s\000i\000t\000.\000a\000p\000p\000.\000F\000r\000a\000m\000e\0001\000\040\000C\000l\000a\000s\000s\000\040\000R\000e\000f\000e\000r\000e\000n\000c\000e}{chapter.8}% 200
\BOOKMARK [2][-]{subsection.8.8.1}{\376\377\0008\000.\0008\000.\0001\000\040\000D\000e\000t\000a\000i\000l\000e\000d\000\040\000D\000e\000s\000c\000r\000i\000p\000t\000i\000o\000n}{section.8.8}% 201
\BOOKMARK [2][-]{subsection.8.8.2}{\376\377\0008\000.\0008\000.\0002\000\040\000C\000o\000n\000s\000t\000r\000u\000c\000t\000o\000r\000\040\000\046\000\040\000D\000e\000s\000t\000r\000u\000c\000t\000o\000r\000\040\000D\000o\000c\000u\000m\000e\000n\000t\000a\000t\000i\000o\000n}{section.8.8}% 202
\BOOKMARK [3][-]{subsubsection.8.8.2.1}{\376\377\0008\000.\0008\000.\0002\000.\0001\000\040\000F\000r\000a\000m\000e\0001\000\050\000\051}{subsection.8.8.2}% 203
\BOOKMARK [2][-]{subsection.8.8.3}{\376\377\0008\000.\0008\000.\0003\000\040\000M\000e\000m\000b\000e\000r\000\040\000F\000u\000n\000c\000t\000i\000o\000n\000\040\000D\000o\000c\000u\000m\000e\000n\000t\000a\000t\000i\000o\000n}{section.8.8}% 204
\BOOKMARK [3][-]{subsubsection.8.8.3.1}{\376\377\0008\000.\0008\000.\0003\000.\0001\000\040\000c\000o\000l\000a\000C\000o\000u\000n\000t\000S\000S\000t\000a\000t\000e\000C\000h\000a\000n\000g\000e\000d\000\050\000\051}{subsection.8.8.3}% 205
\BOOKMARK [3][-]{subsubsection.8.8.3.2}{\376\377\0008\000.\0008\000.\0003\000.\0002\000\040\000f\000r\000i\000e\000s\000C\000o\000u\000n\000t\000S\000S\000t\000a\000t\000e\000C\000h\000a\000n\000g\000e\000d\000\050\000\051}{subsection.8.8.3}% 206
\BOOKMARK [3][-]{subsubsection.8.8.3.3}{\376\377\0008\000.\0008\000.\0003\000.\0003\000\040\000g\000o\000B\000a\000c\000k\000M\000e\000n\000u\000e\000B\000t\000n\000A\000c\000t\000i\000o\000n\000P\000e\000r\000f\000o\000r\000m\000e\000d\000\050\000\051}{subsection.8.8.3}% 207
\BOOKMARK [3][-]{subsubsection.8.8.3.4}{\376\377\0008\000.\0008\000.\0003\000.\0004\000\040\000i\000n\000i\000t\000C\000o\000m\000p\000o\000n\000e\000n\000t\000s\000\050\000\051}{subsection.8.8.3}% 208
\BOOKMARK [3][-]{subsubsection.8.8.3.5}{\376\377\0008\000.\0008\000.\0003\000.\0005\000\040\000m\000a\000c\000C\000o\000u\000n\000t\000S\000S\000t\000a\000t\000e\000C\000h\000a\000n\000g\000e\000d\000\050\000\051}{subsection.8.8.3}% 209
\BOOKMARK [3][-]{subsubsection.8.8.3.6}{\376\377\0008\000.\0008\000.\0003\000.\0006\000\040\000m\000a\000i\000n\000\050\000\051}{subsection.8.8.3}% 210
\BOOKMARK [3][-]{subsubsection.8.8.3.7}{\376\377\0008\000.\0008\000.\0003\000.\0007\000\040\000m\000o\000j\000i\000t\000o\000C\000o\000u\000n\000t\000S\000S\000t\000a\000t\000e\000C\000h\000a\000n\000g\000e\000d\000\050\000\051}{subsection.8.8.3}% 211
\BOOKMARK [3][-]{subsubsection.8.8.3.8}{\376\377\0008\000.\0008\000.\0003\000.\0008\000\040\000m\000o\000l\000t\000e\000n\000C\000o\000u\000n\000t\000S\000S\000t\000a\000t\000e\000C\000h\000a\000n\000g\000e\000d\000\050\000\051}{subsection.8.8.3}% 212
\BOOKMARK [3][-]{subsubsection.8.8.3.9}{\376\377\0008\000.\0008\000.\0003\000.\0009\000\040\000n\000e\000w\000R\000e\000c\000e\000i\000p\000t\000B\000t\000n\000A\000c\000t\000i\000o\000n\000P\000e\000r\000f\000o\000r\000m\000e\000d\000\050\000\051}{subsection.8.8.3}% 213
\BOOKMARK [3][-]{subsubsection.8.8.3.10}{\376\377\0008\000.\0008\000.\0003\000.\0001\0000\000\040\000o\000r\000a\000n\000g\000e\000C\000o\000u\000n\000t\000S\000S\000t\000a\000t\000e\000C\000h\000a\000n\000g\000e\000d\000\050\000\051}{subsection.8.8.3}% 214
\BOOKMARK [3][-]{subsubsection.8.8.3.11}{\376\377\0008\000.\0008\000.\0003\000.\0001\0001\000\040\000p\000a\000s\000t\000a\000C\000h\000i\000c\000k\000e\000n\000A\000c\000t\000i\000o\000n\000P\000e\000r\000f\000o\000r\000m\000e\000d\000\050\000\051}{subsection.8.8.3}% 215
\BOOKMARK [3][-]{subsubsection.8.8.3.12}{\376\377\0008\000.\0008\000.\0003\000.\0001\0002\000\040\000p\000a\000s\000t\000a\000C\000o\000u\000n\000t\000S\000S\000t\000a\000t\000e\000C\000h\000a\000n\000g\000e\000d\000\050\000\051}{subsection.8.8.3}% 216
\BOOKMARK [3][-]{subsubsection.8.8.3.13}{\376\377\0008\000.\0008\000.\0003\000.\0001\0003\000\040\000p\000a\000y\000B\000t\000n\000A\000c\000t\000i\000o\000n\000P\000e\000r\000f\000o\000r\000m\000e\000d\000\050\000\051}{subsection.8.8.3}% 217
\BOOKMARK [3][-]{subsubsection.8.8.3.14}{\376\377\0008\000.\0008\000.\0003\000.\0001\0004\000\040\000p\000i\000z\000z\000a\000C\000o\000u\000n\000t\000S\000S\000t\000a\000t\000e\000C\000h\000a\000n\000g\000e\000d\000\050\000\051}{subsection.8.8.3}% 218
\BOOKMARK [3][-]{subsubsection.8.8.3.15}{\376\377\0008\000.\0008\000.\0003\000.\0001\0005\000\040\000p\000i\000z\000z\000a\000S\000p\000i\000c\000y\000A\000c\000t\000i\000o\000n\000P\000e\000r\000f\000o\000r\000m\000e\000d\000\050\000\051}{subsection.8.8.3}% 219
\BOOKMARK [3][-]{subsubsection.8.8.3.16}{\376\377\0008\000.\0008\000.\0003\000.\0001\0006\000\040\000s\000a\000l\000m\000o\000n\000C\000o\000u\000n\000t\000S\000S\000t\000a\000t\000e\000C\000h\000a\000n\000g\000e\000d\000\050\000\051}{subsection.8.8.3}% 220
\BOOKMARK [3][-]{subsubsection.8.8.3.17}{\376\377\0008\000.\0008\000.\0003\000.\0001\0007\000\040\000s\000a\000l\000m\000o\000n\000R\000i\000c\000e\000A\000c\000t\000i\000o\000n\000P\000e\000r\000f\000o\000r\000m\000e\000d\000\050\000\051}{subsection.8.8.3}% 221
\BOOKMARK [3][-]{subsubsection.8.8.3.18}{\376\377\0008\000.\0008\000.\0003\000.\0001\0008\000\040\000s\000a\000v\000e\000R\000e\000c\000e\000i\000p\000t\000B\000t\000n\000A\000c\000t\000i\000o\000n\000P\000e\000r\000f\000o\000r\000m\000e\000d\000\050\000\051}{subsection.8.8.3}% 222
\BOOKMARK [3][-]{subsubsection.8.8.3.19}{\376\377\0008\000.\0008\000.\0003\000.\0001\0009\000\040\000s\000h\000r\000i\000m\000p\000C\000o\000u\000n\000t\000S\000S\000t\000a\000t\000e\000C\000h\000a\000n\000g\000e\000d\000\050\000\051}{subsection.8.8.3}% 223
\BOOKMARK [3][-]{subsubsection.8.8.3.20}{\376\377\0008\000.\0008\000.\0003\000.\0002\0000\000\040\000s\000p\000a\000g\000h\000e\000t\000t\000i\000C\000o\000u\000n\000t\000S\000S\000t\000a\000t\000e\000C\000h\000a\000n\000g\000e\000d\000\050\000\051}{subsection.8.8.3}% 224
\BOOKMARK [3][-]{subsubsection.8.8.3.21}{\376\377\0008\000.\0008\000.\0003\000.\0002\0001\000\040\000s\000p\000a\000g\000h\000e\000t\000t\000i\000S\000p\000i\000c\000y\000A\000c\000t\000i\000o\000n\000P\000e\000r\000f\000o\000r\000m\000e\000d\000\050\000\051}{subsection.8.8.3}% 225
\BOOKMARK [3][-]{subsubsection.8.8.3.22}{\376\377\0008\000.\0008\000.\0003\000.\0002\0002\000\040\000u\000p\000C\000o\000u\000n\000t\000S\000S\000t\000a\000t\000e\000C\000h\000a\000n\000g\000e\000d\000\050\000\051}{subsection.8.8.3}% 226
\BOOKMARK [2][-]{subsection.8.8.4}{\376\377\0008\000.\0008\000.\0004\000\040\000M\000e\000m\000b\000e\000r\000\040\000D\000a\000t\000a\000\040\000D\000o\000c\000u\000m\000e\000n\000t\000a\000t\000i\000o\000n}{section.8.8}% 227
\BOOKMARK [3][-]{subsubsection.8.8.4.1}{\376\377\0008\000.\0008\000.\0004\000.\0001\000\040\000A\000p\000p\000e\000t\000i\000z\000e\000r\000P\000n\000l}{subsection.8.8.4}% 228
\BOOKMARK [3][-]{subsubsection.8.8.4.2}{\376\377\0008\000.\0008\000.\0004\000.\0002\000\040\000c\000o\000l\000a\000C\000o\000u\000n\000t\000S}{subsection.8.8.4}% 229
\BOOKMARK [3][-]{subsubsection.8.8.4.3}{\376\377\0008\000.\0008\000.\0004\000.\0003\000\040\000c\000o\000l\000a\000L\000b\000l}{subsection.8.8.4}% 230
\BOOKMARK [3][-]{subsubsection.8.8.4.4}{\376\377\0008\000.\0008\000.\0004\000.\0004\000\040\000c\000o\000l\000a\000P\000r\000i\000c\000e\000L\000b\000l}{subsection.8.8.4}% 231
\BOOKMARK [3][-]{subsubsection.8.8.4.5}{\376\377\0008\000.\0008\000.\0004\000.\0005\000\040\000D\000r\000i\000n\000k\000s\000P\000n\000l}{subsection.8.8.4}% 232
\BOOKMARK [3][-]{subsubsection.8.8.4.6}{\376\377\0008\000.\0008\000.\0004\000.\0006\000\040\000f\000r\000i\000e\000s\000C\000o\000u\000n\000t\000S}{subsection.8.8.4}% 233
\BOOKMARK [3][-]{subsubsection.8.8.4.7}{\376\377\0008\000.\0008\000.\0004\000.\0007\000\040\000f\000r\000i\000e\000s\000L\000b\000l}{subsection.8.8.4}% 234
\BOOKMARK [3][-]{subsubsection.8.8.4.8}{\376\377\0008\000.\0008\000.\0004\000.\0008\000\040\000f\000r\000i\000e\000s\000P\000r\000i\000c\000e\000L\000b\000l}{subsection.8.8.4}% 235
\BOOKMARK [3][-]{subsubsection.8.8.4.9}{\376\377\0008\000.\0008\000.\0004\000.\0009\000\040\000g\000o\000B\000a\000c\000k\000M\000e\000n\000u\000e\000B\000t\000n}{subsection.8.8.4}% 236
\BOOKMARK [3][-]{subsubsection.8.8.4.10}{\376\377\0008\000.\0008\000.\0004\000.\0001\0000\000\040\000j\000L\000a\000b\000e\000l\0001}{subsection.8.8.4}% 237
\BOOKMARK [3][-]{subsubsection.8.8.4.11}{\376\377\0008\000.\0008\000.\0004\000.\0001\0001\000\040\000j\000L\000a\000b\000e\000l\0002}{subsection.8.8.4}% 238
\BOOKMARK [3][-]{subsubsection.8.8.4.12}{\376\377\0008\000.\0008\000.\0004\000.\0001\0002\000\040\000j\000P\000a\000n\000e\000l\0001}{subsection.8.8.4}% 239
\BOOKMARK [3][-]{subsubsection.8.8.4.13}{\376\377\0008\000.\0008\000.\0004\000.\0001\0003\000\040\000j\000P\000a\000n\000e\000l\0002}{subsection.8.8.4}% 240
\BOOKMARK [3][-]{subsubsection.8.8.4.14}{\376\377\0008\000.\0008\000.\0004\000.\0001\0004\000\040\000m\000a\000c\000C\000o\000u\000n\000t\000S}{subsection.8.8.4}% 241
\BOOKMARK [3][-]{subsubsection.8.8.4.15}{\376\377\0008\000.\0008\000.\0004\000.\0001\0005\000\040\000m\000a\000c\000L\000b\000l}{subsection.8.8.4}% 242
\BOOKMARK [3][-]{subsubsection.8.8.4.16}{\376\377\0008\000.\0008\000.\0004\000.\0001\0006\000\040\000m\000a\000c\000P\000r\000i\000c\000e\000L\000b\000l}{subsection.8.8.4}% 243
\BOOKMARK [3][-]{subsubsection.8.8.4.17}{\376\377\0008\000.\0008\000.\0004\000.\0001\0007\000\040\000M\000a\000i\000n\000C\000o\000u\000r\000s\000e\000P\000n\000l}{subsection.8.8.4}% 244
\BOOKMARK [3][-]{subsubsection.8.8.4.18}{\376\377\0008\000.\0008\000.\0004\000.\0001\0008\000\040\000m\000o\000j\000i\000t\000o\000C\000o\000u\000n\000t\000S}{subsection.8.8.4}% 245
\BOOKMARK [3][-]{subsubsection.8.8.4.19}{\376\377\0008\000.\0008\000.\0004\000.\0001\0009\000\040\000m\000o\000j\000i\000t\000o\000L\000b\000l}{subsection.8.8.4}% 246
\BOOKMARK [3][-]{subsubsection.8.8.4.20}{\376\377\0008\000.\0008\000.\0004\000.\0002\0000\000\040\000m\000o\000j\000i\000t\000o\000P\000r\000i\000c\000e\000L\000b\000l}{subsection.8.8.4}% 247
\BOOKMARK [3][-]{subsubsection.8.8.4.21}{\376\377\0008\000.\0008\000.\0004\000.\0002\0001\000\040\000m\000o\000l\000t\000e\000n\000C\000o\000u\000n\000t\000S}{subsection.8.8.4}% 248
\BOOKMARK [3][-]{subsubsection.8.8.4.22}{\376\377\0008\000.\0008\000.\0004\000.\0002\0002\000\040\000m\000o\000l\000t\000e\000n\000L\000b\000l}{subsection.8.8.4}% 249
\BOOKMARK [3][-]{subsubsection.8.8.4.23}{\376\377\0008\000.\0008\000.\0004\000.\0002\0003\000\040\000m\000o\000l\000t\000e\000n\000P\000r\000i\000c\000e\000L\000b\000l}{subsection.8.8.4}% 250
\BOOKMARK [3][-]{subsubsection.8.8.4.24}{\376\377\0008\000.\0008\000.\0004\000.\0002\0004\000\040\000n\000e\000w\000R\000e\000c\000e\000i\000p\000t\000B\000t\000n}{subsection.8.8.4}% 251
\BOOKMARK [3][-]{subsubsection.8.8.4.25}{\376\377\0008\000.\0008\000.\0004\000.\0002\0005\000\040\000o\000r\000a\000n\000g\000e\000C\000o\000u\000n\000t\000S}{subsection.8.8.4}% 252
\BOOKMARK [3][-]{subsubsection.8.8.4.26}{\376\377\0008\000.\0008\000.\0004\000.\0002\0006\000\040\000o\000r\000a\000n\000g\000e\000P\000r\000i\000c\000e\000L\000b\000l}{subsection.8.8.4}% 253
\BOOKMARK [3][-]{subsubsection.8.8.4.27}{\376\377\0008\000.\0008\000.\0004\000.\0002\0007\000\040\000o\000r\000a\000n\000g\000L\000b\000l}{subsection.8.8.4}% 254
\BOOKMARK [3][-]{subsubsection.8.8.4.28}{\376\377\0008\000.\0008\000.\0004\000.\0002\0008\000\040\000p\000a\000s\000t\000a\000C\000h\000i\000c\000k\000e\000n}{subsection.8.8.4}% 255
\BOOKMARK [3][-]{subsubsection.8.8.4.29}{\376\377\0008\000.\0008\000.\0004\000.\0002\0009\000\040\000p\000a\000s\000t\000a\000C\000o\000u\000n\000t\000S}{subsection.8.8.4}% 256
\BOOKMARK [3][-]{subsubsection.8.8.4.30}{\376\377\0008\000.\0008\000.\0004\000.\0003\0000\000\040\000p\000a\000s\000t\000a\000L\000b\000l}{subsection.8.8.4}% 257
\BOOKMARK [3][-]{subsubsection.8.8.4.31}{\376\377\0008\000.\0008\000.\0004\000.\0003\0001\000\040\000p\000a\000s\000t\000a\000P\000r\000i\000c\000e\000L\000b\000l}{subsection.8.8.4}% 258
\BOOKMARK [3][-]{subsubsection.8.8.4.32}{\376\377\0008\000.\0008\000.\0004\000.\0003\0002\000\040\000p\000a\000y\000B\000t\000n}{subsection.8.8.4}% 259
\BOOKMARK [3][-]{subsubsection.8.8.4.33}{\376\377\0008\000.\0008\000.\0004\000.\0003\0003\000\040\000p\000i\000z\000z\000a\000C\000o\000u\000n\000t\000S}{subsection.8.8.4}% 260
\BOOKMARK [3][-]{subsubsection.8.8.4.34}{\376\377\0008\000.\0008\000.\0004\000.\0003\0004\000\040\000p\000i\000z\000z\000a\000L\000b\000l}{subsection.8.8.4}% 261
\BOOKMARK [3][-]{subsubsection.8.8.4.35}{\376\377\0008\000.\0008\000.\0004\000.\0003\0005\000\040\000p\000i\000z\000z\000a\000P\000r\000i\000c\000e\000L\000b\000l}{subsection.8.8.4}% 262
\BOOKMARK [3][-]{subsubsection.8.8.4.36}{\376\377\0008\000.\0008\000.\0004\000.\0003\0006\000\040\000p\000i\000z\000z\000a\000S\000p\000i\000c\000y}{subsection.8.8.4}% 263
\BOOKMARK [3][-]{subsubsection.8.8.4.37}{\376\377\0008\000.\0008\000.\0004\000.\0003\0007\000\040\000r\000e\000c\000e\000i\000p\000t\000N\000o\000L\000b\000l}{subsection.8.8.4}% 264
\BOOKMARK [3][-]{subsubsection.8.8.4.38}{\376\377\0008\000.\0008\000.\0004\000.\0003\0008\000\040\000s\000a\000l\000m\000o\000n\000C\000o\000u\000n\000t\000S}{subsection.8.8.4}% 265
\BOOKMARK [3][-]{subsubsection.8.8.4.39}{\376\377\0008\000.\0008\000.\0004\000.\0003\0009\000\040\000s\000a\000l\000m\000o\000n\000L\000b\000l}{subsection.8.8.4}% 266
\BOOKMARK [3][-]{subsubsection.8.8.4.40}{\376\377\0008\000.\0008\000.\0004\000.\0004\0000\000\040\000s\000a\000l\000m\000o\000n\000P\000r\000i\000c\000e\000L\000b\000l}{subsection.8.8.4}% 267
\BOOKMARK [3][-]{subsubsection.8.8.4.41}{\376\377\0008\000.\0008\000.\0004\000.\0004\0001\000\040\000s\000a\000l\000m\000o\000n\000R\000i\000c\000e}{subsection.8.8.4}% 268
\BOOKMARK [3][-]{subsubsection.8.8.4.42}{\376\377\0008\000.\0008\000.\0004\000.\0004\0002\000\040\000s\000a\000v\000e\000R\000e\000c\000e\000i\000p\000t\000B\000t\000n}{subsection.8.8.4}% 269
\BOOKMARK [3][-]{subsubsection.8.8.4.43}{\376\377\0008\000.\0008\000.\0004\000.\0004\0003\000\040\000s\000h\000r\000i\000m\000p\000C\000o\000u\000n\000t\000S}{subsection.8.8.4}% 270
\BOOKMARK [3][-]{subsubsection.8.8.4.44}{\376\377\0008\000.\0008\000.\0004\000.\0004\0004\000\040\000s\000h\000r\000i\000m\000p\000L\000b\000l}{subsection.8.8.4}% 271
\BOOKMARK [3][-]{subsubsection.8.8.4.45}{\376\377\0008\000.\0008\000.\0004\000.\0004\0005\000\040\000s\000h\000r\000i\000m\000p\000P\000r\000i\000c\000e\000L\000b\000l}{subsection.8.8.4}% 272
\BOOKMARK [3][-]{subsubsection.8.8.4.46}{\376\377\0008\000.\0008\000.\0004\000.\0004\0006\000\040\000s\000p\000a\000g\000h\000e\000t\000t\000i\000C\000o\000u\000n\000t\000S}{subsection.8.8.4}% 273
\BOOKMARK [3][-]{subsubsection.8.8.4.47}{\376\377\0008\000.\0008\000.\0004\000.\0004\0007\000\040\000s\000p\000a\000g\000h\000e\000t\000t\000i\000L\000b\000l}{subsection.8.8.4}% 274
\BOOKMARK [3][-]{subsubsection.8.8.4.48}{\376\377\0008\000.\0008\000.\0004\000.\0004\0008\000\040\000s\000p\000a\000g\000h\000e\000t\000t\000i\000P\000r\000i\000c\000e\000L\000b\000l}{subsection.8.8.4}% 275
\BOOKMARK [3][-]{subsubsection.8.8.4.49}{\376\377\0008\000.\0008\000.\0004\000.\0004\0009\000\040\000s\000p\000a\000g\000h\000e\000t\000t\000i\000S\000p\000i\000c\000y}{subsection.8.8.4}% 276
\BOOKMARK [3][-]{subsubsection.8.8.4.50}{\376\377\0008\000.\0008\000.\0004\000.\0005\0000\000\040\000s\000u\000b\000T\000o\000t\000a\000l\000L\000b\000l}{subsection.8.8.4}% 277
\BOOKMARK [3][-]{subsubsection.8.8.4.51}{\376\377\0008\000.\0008\000.\0004\000.\0005\0001\000\040\000t\000o\000t\000a\000l\000L\000b\000l}{subsection.8.8.4}% 278
\BOOKMARK [3][-]{subsubsection.8.8.4.52}{\376\377\0008\000.\0008\000.\0004\000.\0005\0002\000\040\000u\000p\000C\000o\000u\000n\000t\000S}{subsection.8.8.4}% 279
\BOOKMARK [3][-]{subsubsection.8.8.4.53}{\376\377\0008\000.\0008\000.\0004\000.\0005\0003\000\040\000u\000p\000L\000b\000l}{subsection.8.8.4}% 280
\BOOKMARK [3][-]{subsubsection.8.8.4.54}{\376\377\0008\000.\0008\000.\0004\000.\0005\0004\000\040\000u\000p\000P\000r\000i\000c\000e\000L\000b\000l}{subsection.8.8.4}% 281
\BOOKMARK [3][-]{subsubsection.8.8.4.55}{\376\377\0008\000.\0008\000.\0004\000.\0005\0005\000\040\000v\000a\000t\000L\000b\000l}{subsection.8.8.4}% 282
\BOOKMARK [1][-]{section.8.9}{\376\377\0008\000.\0009\000\040\000e\000s\000.\000u\000l\000l\000.\000e\000s\000i\000t\000.\000a\000p\000p\000.\000I\000n\000f\000o\000\040\000C\000l\000a\000s\000s\000\040\000R\000e\000f\000e\000r\000e\000n\000c\000e}{chapter.8}% 283
\BOOKMARK [2][-]{subsection.8.9.1}{\376\377\0008\000.\0009\000.\0001\000\040\000D\000e\000t\000a\000i\000l\000e\000d\000\040\000D\000e\000s\000c\000r\000i\000p\000t\000i\000o\000n}{section.8.9}% 284
\BOOKMARK [2][-]{subsection.8.9.2}{\376\377\0008\000.\0009\000.\0002\000\040\000C\000o\000n\000s\000t\000r\000u\000c\000t\000o\000r\000\040\000\046\000\040\000D\000e\000s\000t\000r\000u\000c\000t\000o\000r\000\040\000D\000o\000c\000u\000m\000e\000n\000t\000a\000t\000i\000o\000n}{section.8.9}% 285
\BOOKMARK [3][-]{subsubsection.8.9.2.1}{\376\377\0008\000.\0009\000.\0002\000.\0001\000\040\000I\000n\000f\000o\000\050\000\051}{subsection.8.9.2}% 286
\BOOKMARK [2][-]{subsection.8.9.3}{\376\377\0008\000.\0009\000.\0003\000\040\000M\000e\000m\000b\000e\000r\000\040\000F\000u\000n\000c\000t\000i\000o\000n\000\040\000D\000o\000c\000u\000m\000e\000n\000t\000a\000t\000i\000o\000n}{section.8.9}% 287
\BOOKMARK [3][-]{subsubsection.8.9.3.1}{\376\377\0008\000.\0009\000.\0003\000.\0001\000\040\000i\000n\000i\000t\000C\000o\000m\000p\000o\000n\000e\000n\000t\000s\000\050\000\051}{subsection.8.9.3}% 288
\BOOKMARK [3][-]{subsubsection.8.9.3.2}{\376\377\0008\000.\0009\000.\0003\000.\0002\000\040\000j\000B\000u\000t\000t\000o\000n\0003\000A\000c\000t\000i\000o\000n\000P\000e\000r\000f\000o\000r\000m\000e\000d\000\050\000\051}{subsection.8.9.3}% 289
\BOOKMARK [3][-]{subsubsection.8.9.3.3}{\376\377\0008\000.\0009\000.\0003\000.\0003\000\040\000m\000a\000i\000n\000\050\000\051}{subsection.8.9.3}% 290
\BOOKMARK [2][-]{subsection.8.9.4}{\376\377\0008\000.\0009\000.\0004\000\040\000M\000e\000m\000b\000e\000r\000\040\000D\000a\000t\000a\000\040\000D\000o\000c\000u\000m\000e\000n\000t\000a\000t\000i\000o\000n}{section.8.9}% 291
\BOOKMARK [3][-]{subsubsection.8.9.4.1}{\376\377\0008\000.\0009\000.\0004\000.\0001\000\040\000j\000B\000u\000t\000t\000o\000n\0003}{subsection.8.9.4}% 292
\BOOKMARK [3][-]{subsubsection.8.9.4.2}{\376\377\0008\000.\0009\000.\0004\000.\0002\000\040\000j\000L\000a\000b\000e\000l\0001}{subsection.8.9.4}% 293
\BOOKMARK [3][-]{subsubsection.8.9.4.3}{\376\377\0008\000.\0009\000.\0004\000.\0003\000\040\000j\000P\000a\000n\000e\000l\0001}{subsection.8.9.4}% 294
\BOOKMARK [3][-]{subsubsection.8.9.4.4}{\376\377\0008\000.\0009\000.\0004\000.\0004\000\040\000j\000S\000c\000r\000o\000l\000l\000P\000a\000n\000e\0001}{subsection.8.9.4}% 295
\BOOKMARK [3][-]{subsubsection.8.9.4.5}{\376\377\0008\000.\0009\000.\0004\000.\0005\000\040\000o\000u\000r\000S\000t\000o\000r\000y}{subsection.8.9.4}% 296
\BOOKMARK [1][-]{section.8.10}{\376\377\0008\000.\0001\0000\000\040\000e\000s\000.\000u\000l\000l\000.\000e\000s\000i\000t\000.\000a\000p\000p\000.\000J\000a\000v\000a\000A\000p\000p\000l\000i\000c\000a\000t\000i\000o\000n\0002\000\040\000C\000l\000a\000s\000s\000\040\000R\000e\000f\000e\000r\000e\000n\000c\000e}{chapter.8}% 297
\BOOKMARK [2][-]{subsection.8.10.1}{\376\377\0008\000.\0001\0000\000.\0001\000\040\000D\000e\000t\000a\000i\000l\000e\000d\000\040\000D\000e\000s\000c\000r\000i\000p\000t\000i\000o\000n}{section.8.10}% 298
\BOOKMARK [2][-]{subsection.8.10.2}{\376\377\0008\000.\0001\0000\000.\0002\000\040\000M\000e\000m\000b\000e\000r\000\040\000F\000u\000n\000c\000t\000i\000o\000n\000\040\000D\000o\000c\000u\000m\000e\000n\000t\000a\000t\000i\000o\000n}{section.8.10}% 299
\BOOKMARK [3][-]{subsubsection.8.10.2.1}{\376\377\0008\000.\0001\0000\000.\0002\000.\0001\000\040\000m\000a\000i\000n\000\050\000\051}{subsection.8.10.2}% 300
\BOOKMARK [1][-]{section.8.11}{\376\377\0008\000.\0001\0001\000\040\000e\000s\000.\000u\000l\000l\000.\000e\000s\000i\000t\000.\000a\000p\000p\000.\000L\000o\000g\000i\000n\000\040\000C\000l\000a\000s\000s\000\040\000R\000e\000f\000e\000r\000e\000n\000c\000e}{chapter.8}% 301
\BOOKMARK [2][-]{subsection.8.11.1}{\376\377\0008\000.\0001\0001\000.\0001\000\040\000D\000e\000t\000a\000i\000l\000e\000d\000\040\000D\000e\000s\000c\000r\000i\000p\000t\000i\000o\000n}{section.8.11}% 302
\BOOKMARK [2][-]{subsection.8.11.2}{\376\377\0008\000.\0001\0001\000.\0002\000\040\000C\000o\000n\000s\000t\000r\000u\000c\000t\000o\000r\000\040\000\046\000\040\000D\000e\000s\000t\000r\000u\000c\000t\000o\000r\000\040\000D\000o\000c\000u\000m\000e\000n\000t\000a\000t\000i\000o\000n}{section.8.11}% 303
\BOOKMARK [3][-]{subsubsection.8.11.2.1}{\376\377\0008\000.\0001\0001\000.\0002\000.\0001\000\040\000L\000o\000g\000i\000n\000\050\000\051}{subsection.8.11.2}% 304
\BOOKMARK [2][-]{subsection.8.11.3}{\376\377\0008\000.\0001\0001\000.\0003\000\040\000M\000e\000m\000b\000e\000r\000\040\000F\000u\000n\000c\000t\000i\000o\000n\000\040\000D\000o\000c\000u\000m\000e\000n\000t\000a\000t\000i\000o\000n}{section.8.11}% 305
\BOOKMARK [3][-]{subsubsection.8.11.3.1}{\376\377\0008\000.\0001\0001\000.\0003\000.\0001\000\040\000i\000n\000i\000t\000C\000o\000m\000p\000o\000n\000e\000n\000t\000s\000\050\000\051}{subsection.8.11.3}% 306
\BOOKMARK [3][-]{subsubsection.8.11.3.2}{\376\377\0008\000.\0001\0001\000.\0003\000.\0002\000\040\000j\000B\000u\000t\000t\000o\000n\0001\000A\000c\000t\000i\000o\000n\000P\000e\000r\000f\000o\000r\000m\000e\000d\000\050\000\051}{subsection.8.11.3}% 307
\BOOKMARK [3][-]{subsubsection.8.11.3.3}{\376\377\0008\000.\0001\0001\000.\0003\000.\0003\000\040\000m\000a\000i\000n\000\050\000\051}{subsection.8.11.3}% 308
\BOOKMARK [3][-]{subsubsection.8.11.3.4}{\376\377\0008\000.\0001\0001\000.\0003\000.\0004\000\040\000u\000s\000e\000r\000t\000y\000p\000e\000c\000m\000b\000o\000A\000c\000t\000i\000o\000n\000P\000e\000r\000f\000o\000r\000m\000e\000d\000\050\000\051}{subsection.8.11.3}% 309
\BOOKMARK [2][-]{subsection.8.11.4}{\376\377\0008\000.\0001\0001\000.\0004\000\040\000M\000e\000m\000b\000e\000r\000\040\000D\000a\000t\000a\000\040\000D\000o\000c\000u\000m\000e\000n\000t\000a\000t\000i\000o\000n}{section.8.11}% 310
\BOOKMARK [3][-]{subsubsection.8.11.4.1}{\376\377\0008\000.\0001\0001\000.\0004\000.\0001\000\040\000j\000B\000u\000t\000t\000o\000n\0001}{subsection.8.11.4}% 311
\BOOKMARK [3][-]{subsubsection.8.11.4.2}{\376\377\0008\000.\0001\0001\000.\0004\000.\0002\000\040\000j\000L\000a\000b\000e\000l\0001}{subsection.8.11.4}% 312
\BOOKMARK [3][-]{subsubsection.8.11.4.3}{\376\377\0008\000.\0001\0001\000.\0004\000.\0003\000\040\000j\000L\000a\000b\000e\000l\0003}{subsection.8.11.4}% 313
\BOOKMARK [3][-]{subsubsection.8.11.4.4}{\376\377\0008\000.\0001\0001\000.\0004\000.\0004\000\040\000j\000P\000a\000n\000e\000l\0001}{subsection.8.11.4}% 314
\BOOKMARK [3][-]{subsubsection.8.11.4.5}{\376\377\0008\000.\0001\0001\000.\0004\000.\0005\000\040\000j\000P\000a\000s\000s\000w\000o\000r\000d\000F\000i\000e\000l\000d\0001}{subsection.8.11.4}% 315
\BOOKMARK [3][-]{subsubsection.8.11.4.6}{\376\377\0008\000.\0001\0001\000.\0004\000.\0006\000\040\000u\000s\000e\000r\000n\000a\000m\000e\000t\000x\000t}{subsection.8.11.4}% 316
\BOOKMARK [3][-]{subsubsection.8.11.4.7}{\376\377\0008\000.\0001\0001\000.\0004\000.\0007\000\040\000u\000s\000e\000r\000t\000y\000p\000e\000c\000m\000b\000o}{subsection.8.11.4}% 317
\BOOKMARK [1][-]{section.8.12}{\376\377\0008\000.\0001\0002\000\040\000e\000s\000.\000u\000l\000l\000.\000e\000s\000i\000t\000.\000a\000p\000p\000.\000m\000i\000d\000d\000l\000e\000w\000a\000r\000e\000.\000m\000o\000d\000e\000l\000.\000M\000a\000i\000n\000C\000o\000u\000r\000s\000e\000\040\000C\000l\000a\000s\000s\000\040\000R\000e\000f\000e\000r\000e\000n\000c\000e}{chapter.8}% 318
\BOOKMARK [2][-]{subsection.8.12.1}{\376\377\0008\000.\0001\0002\000.\0001\000\040\000D\000e\000t\000a\000i\000l\000e\000d\000\040\000D\000e\000s\000c\000r\000i\000p\000t\000i\000o\000n}{section.8.12}% 319
\BOOKMARK [2][-]{subsection.8.12.2}{\376\377\0008\000.\0001\0002\000.\0002\000\040\000C\000o\000n\000s\000t\000r\000u\000c\000t\000o\000r\000\040\000\046\000\040\000D\000e\000s\000t\000r\000u\000c\000t\000o\000r\000\040\000D\000o\000c\000u\000m\000e\000n\000t\000a\000t\000i\000o\000n}{section.8.12}% 320
\BOOKMARK [3][-]{subsubsection.8.12.2.1}{\376\377\0008\000.\0001\0002\000.\0002\000.\0001\000\040\000M\000a\000i\000n\000C\000o\000u\000r\000s\000e\000\050\000\051\000\040\000[\0001\000/\0002\000]}{subsection.8.12.2}% 321
\BOOKMARK [3][-]{subsubsection.8.12.2.2}{\376\377\0008\000.\0001\0002\000.\0002\000.\0002\000\040\000M\000a\000i\000n\000C\000o\000u\000r\000s\000e\000\050\000\051\000\040\000[\0002\000/\0002\000]}{subsection.8.12.2}% 322
\BOOKMARK [2][-]{subsection.8.12.3}{\376\377\0008\000.\0001\0002\000.\0003\000\040\000M\000e\000m\000b\000e\000r\000\040\000F\000u\000n\000c\000t\000i\000o\000n\000\040\000D\000o\000c\000u\000m\000e\000n\000t\000a\000t\000i\000o\000n}{section.8.12}% 323
\BOOKMARK [3][-]{subsubsection.8.12.3.1}{\376\377\0008\000.\0001\0002\000.\0003\000.\0001\000\040\000g\000e\000t\000F\000o\000o\000d\000I\000d\000\050\000\051}{subsection.8.12.3}% 324
\BOOKMARK [3][-]{subsubsection.8.12.3.2}{\376\377\0008\000.\0001\0002\000.\0003\000.\0002\000\040\000g\000e\000t\000F\000o\000o\000d\000P\000r\000i\000c\000e\000\050\000\051}{subsection.8.12.3}% 325
\BOOKMARK [3][-]{subsubsection.8.12.3.3}{\376\377\0008\000.\0001\0002\000.\0003\000.\0003\000\040\000g\000e\000t\000I\000t\000e\000m\000F\000o\000o\000d\000\050\000\051}{subsection.8.12.3}% 326
\BOOKMARK [3][-]{subsubsection.8.12.3.4}{\376\377\0008\000.\0001\0002\000.\0003\000.\0004\000\040\000g\000e\000t\000R\000e\000c\000e\000i\000p\000t\000I\000d\000\050\000\051}{subsection.8.12.3}% 327
\BOOKMARK [3][-]{subsubsection.8.12.3.5}{\376\377\0008\000.\0001\0002\000.\0003\000.\0005\000\040\000s\000e\000t\000F\000o\000o\000d\000I\000d\000\050\000\051}{subsection.8.12.3}% 328
\BOOKMARK [3][-]{subsubsection.8.12.3.6}{\376\377\0008\000.\0001\0002\000.\0003\000.\0006\000\040\000s\000e\000t\000F\000o\000o\000d\000P\000r\000i\000c\000e\000\050\000\051}{subsection.8.12.3}% 329
\BOOKMARK [3][-]{subsubsection.8.12.3.7}{\376\377\0008\000.\0001\0002\000.\0003\000.\0007\000\040\000s\000e\000t\000I\000t\000e\000m\000F\000o\000o\000d\000\050\000\051}{subsection.8.12.3}% 330
\BOOKMARK [3][-]{subsubsection.8.12.3.8}{\376\377\0008\000.\0001\0002\000.\0003\000.\0008\000\040\000s\000e\000t\000R\000e\000c\000e\000i\000p\000t\000I\000d\000\050\000\051}{subsection.8.12.3}% 331
\BOOKMARK [2][-]{subsection.8.12.4}{\376\377\0008\000.\0001\0002\000.\0004\000\040\000M\000e\000m\000b\000e\000r\000\040\000D\000a\000t\000a\000\040\000D\000o\000c\000u\000m\000e\000n\000t\000a\000t\000i\000o\000n}{section.8.12}% 332
\BOOKMARK [3][-]{subsubsection.8.12.4.1}{\376\377\0008\000.\0001\0002\000.\0004\000.\0001\000\040\000f\000o\000o\000d\000I\000d}{subsection.8.12.4}% 333
\BOOKMARK [3][-]{subsubsection.8.12.4.2}{\376\377\0008\000.\0001\0002\000.\0004\000.\0002\000\040\000f\000o\000o\000d\000P\000r\000i\000c\000e}{subsection.8.12.4}% 334
\BOOKMARK [3][-]{subsubsection.8.12.4.3}{\376\377\0008\000.\0001\0002\000.\0004\000.\0003\000\040\000i\000t\000e\000m\000F\000o\000o\000d}{subsection.8.12.4}% 335
\BOOKMARK [3][-]{subsubsection.8.12.4.4}{\376\377\0008\000.\0001\0002\000.\0004\000.\0004\000\040\000r\000e\000c\000e\000i\000p\000t\000I\000d}{subsection.8.12.4}% 336
\BOOKMARK [0][-]{chapter.9}{\376\377\0009\000\040\000F\000i\000l\000e\000\040\000D\000o\000c\000u\000m\000e\000n\000t\000a\000t\000i\000o\000n}{}% 337
\BOOKMARK [1][-]{section.9.1}{\376\377\0009\000.\0001\000\040\000A\000d\000m\000i\000n\000L\000o\000g\000i\000n\000.\000j\000a\000v\000a\000\040\000F\000i\000l\000e\000\040\000R\000e\000f\000e\000r\000e\000n\000c\000e}{chapter.9}% 338
\BOOKMARK [2][-]{subsection.9.1.1}{\376\377\0009\000.\0001\000.\0001\000\040\000D\000e\000t\000a\000i\000l\000e\000d\000\040\000D\000e\000s\000c\000r\000i\000p\000t\000i\000o\000n}{section.9.1}% 339
\BOOKMARK [1][-]{section.9.2}{\376\377\0009\000.\0002\000\040\000A\000d\000m\000i\000n\000L\000o\000g\000i\000n\000.\000j\000a\000v\000a}{chapter.9}% 340
\BOOKMARK [1][-]{section.9.3}{\376\377\0009\000.\0003\000\040\000a\000d\000m\000i\000n\000P\000r\000o\000d\000u\000c\000t\000s\000.\000j\000a\000v\000a\000\040\000F\000i\000l\000e\000\040\000R\000e\000f\000e\000r\000e\000n\000c\000e}{chapter.9}% 341
\BOOKMARK [2][-]{subsection.9.3.1}{\376\377\0009\000.\0003\000.\0001\000\040\000D\000e\000t\000a\000i\000l\000e\000d\000\040\000D\000e\000s\000c\000r\000i\000p\000t\000i\000o\000n}{section.9.3}% 342
\BOOKMARK [1][-]{section.9.4}{\376\377\0009\000.\0004\000\040\000a\000d\000m\000i\000n\000P\000r\000o\000d\000u\000c\000t\000s\000.\000j\000a\000v\000a}{chapter.9}% 343
\BOOKMARK [1][-]{section.9.5}{\376\377\0009\000.\0005\000\040\000C\000a\000s\000h\000i\000e\000r\000.\000j\000a\000v\000a\000\040\000F\000i\000l\000e\000\040\000R\000e\000f\000e\000r\000e\000n\000c\000e}{chapter.9}% 344
\BOOKMARK [2][-]{subsection.9.5.1}{\376\377\0009\000.\0005\000.\0001\000\040\000D\000e\000t\000a\000i\000l\000e\000d\000\040\000D\000e\000s\000c\000r\000i\000p\000t\000i\000o\000n}{section.9.5}% 345
\BOOKMARK [1][-]{section.9.6}{\376\377\0009\000.\0006\000\040\000C\000a\000s\000h\000i\000e\000r\000.\000j\000a\000v\000a}{chapter.9}% 346
\BOOKMARK [1][-]{section.9.7}{\376\377\0009\000.\0007\000\040\000m\000i\000d\000d\000l\000e\000w\000a\000r\000e\000/\000m\000o\000d\000e\000l\000/\000C\000a\000s\000h\000i\000e\000r\000.\000j\000a\000v\000a\000\040\000F\000i\000l\000e\000\040\000R\000e\000f\000e\000r\000e\000n\000c\000e}{chapter.9}% 347
\BOOKMARK [1][-]{section.9.8}{\376\377\0009\000.\0008\000\040\000m\000i\000d\000d\000l\000e\000w\000a\000r\000e\000/\000m\000o\000d\000e\000l\000/\000C\000a\000s\000h\000i\000e\000r\000.\000j\000a\000v\000a}{chapter.9}% 348
\BOOKMARK [1][-]{section.9.9}{\376\377\0009\000.\0009\000\040\000F\000r\000a\000m\000e\0001\000.\000j\000a\000v\000a\000\040\000F\000i\000l\000e\000\040\000R\000e\000f\000e\000r\000e\000n\000c\000e}{chapter.9}% 349
\BOOKMARK [2][-]{subsection.9.9.1}{\376\377\0009\000.\0009\000.\0001\000\040\000D\000e\000t\000a\000i\000l\000e\000d\000\040\000D\000e\000s\000c\000r\000i\000p\000t\000i\000o\000n}{section.9.9}% 350
\BOOKMARK [1][-]{section.9.10}{\376\377\0009\000.\0001\0000\000\040\000F\000r\000a\000m\000e\0001\000.\000j\000a\000v\000a}{chapter.9}% 351
\BOOKMARK [1][-]{section.9.11}{\376\377\0009\000.\0001\0001\000\040\000I\000n\000f\000o\000.\000j\000a\000v\000a\000\040\000F\000i\000l\000e\000\040\000R\000e\000f\000e\000r\000e\000n\000c\000e}{chapter.9}% 352
\BOOKMARK [2][-]{subsection.9.11.1}{\376\377\0009\000.\0001\0001\000.\0001\000\040\000D\000e\000t\000a\000i\000l\000e\000d\000\040\000D\000e\000s\000c\000r\000i\000p\000t\000i\000o\000n}{section.9.11}% 353
\BOOKMARK [1][-]{section.9.12}{\376\377\0009\000.\0001\0002\000\040\000I\000n\000f\000o\000.\000j\000a\000v\000a}{chapter.9}% 354
\BOOKMARK [1][-]{section.9.13}{\376\377\0009\000.\0001\0003\000\040\000J\000a\000v\000a\000A\000p\000p\000l\000i\000c\000a\000t\000i\000o\000n\0002\000.\000j\000a\000v\000a\000\040\000F\000i\000l\000e\000\040\000R\000e\000f\000e\000r\000e\000n\000c\000e}{chapter.9}% 355
\BOOKMARK [2][-]{subsection.9.13.1}{\376\377\0009\000.\0001\0003\000.\0001\000\040\000D\000e\000t\000a\000i\000l\000e\000d\000\040\000D\000e\000s\000c\000r\000i\000p\000t\000i\000o\000n}{section.9.13}% 356
\BOOKMARK [1][-]{section.9.14}{\376\377\0009\000.\0001\0004\000\040\000J\000a\000v\000a\000A\000p\000p\000l\000i\000c\000a\000t\000i\000o\000n\0002\000.\000j\000a\000v\000a}{chapter.9}% 357
\BOOKMARK [1][-]{section.9.15}{\376\377\0009\000.\0001\0005\000\040\000L\000o\000g\000i\000n\000.\000j\000a\000v\000a\000\040\000F\000i\000l\000e\000\040\000R\000e\000f\000e\000r\000e\000n\000c\000e}{chapter.9}% 358
\BOOKMARK [2][-]{subsection.9.15.1}{\376\377\0009\000.\0001\0005\000.\0001\000\040\000D\000e\000t\000a\000i\000l\000e\000d\000\040\000D\000e\000s\000c\000r\000i\000p\000t\000i\000o\000n}{section.9.15}% 359
\BOOKMARK [1][-]{section.9.16}{\376\377\0009\000.\0001\0006\000\040\000L\000o\000g\000i\000n\000.\000j\000a\000v\000a}{chapter.9}% 360
\BOOKMARK [1][-]{section.9.17}{\376\377\0009\000.\0001\0007\000\040\000A\000p\000i\000C\000l\000i\000e\000n\000t\000.\000j\000a\000v\000a\000\040\000F\000i\000l\000e\000\040\000R\000e\000f\000e\000r\000e\000n\000c\000e}{chapter.9}% 361
\BOOKMARK [1][-]{section.9.18}{\376\377\0009\000.\0001\0008\000\040\000A\000p\000i\000C\000l\000i\000e\000n\000t\000.\000j\000a\000v\000a}{chapter.9}% 362
\BOOKMARK [1][-]{section.9.19}{\376\377\0009\000.\0001\0009\000\040\000A\000p\000p\000e\000t\000i\000z\000e\000r\000.\000j\000a\000v\000a\000\040\000F\000i\000l\000e\000\040\000R\000e\000f\000e\000r\000e\000n\000c\000e}{chapter.9}% 363
\BOOKMARK [1][-]{section.9.20}{\376\377\0009\000.\0002\0000\000\040\000A\000p\000p\000e\000t\000i\000z\000e\000r\000.\000j\000a\000v\000a}{chapter.9}% 364
\BOOKMARK [1][-]{section.9.21}{\376\377\0009\000.\0002\0001\000\040\000D\000r\000i\000n\000k\000.\000j\000a\000v\000a\000\040\000F\000i\000l\000e\000\040\000R\000e\000f\000e\000r\000e\000n\000c\000e}{chapter.9}% 365
\BOOKMARK [1][-]{section.9.22}{\376\377\0009\000.\0002\0002\000\040\000D\000r\000i\000n\000k\000.\000j\000a\000v\000a}{chapter.9}% 366
\BOOKMARK [1][-]{section.9.23}{\376\377\0009\000.\0002\0003\000\040\000M\000a\000i\000n\000C\000o\000u\000r\000s\000e\000.\000j\000a\000v\000a\000\040\000F\000i\000l\000e\000\040\000R\000e\000f\000e\000r\000e\000n\000c\000e}{chapter.9}% 367
\BOOKMARK [1][-]{section.9.24}{\376\377\0009\000.\0002\0004\000\040\000M\000a\000i\000n\000C\000o\000u\000r\000s\000e\000.\000j\000a\000v\000a}{chapter.9}% 368
